[INFO] Starting execution.
[INFO] Downloading package list from PyPI ...
[ERROR] (r) This package does not have downloadable releases.
[INFO] (r-buildtest-config) This package is up to date.
[INFO] (r-map) This package is up to date.
[INFO] (r-nester) This package is up to date.
[INFO] (r-norm) This package is up to date.
[INFO] (r-prj) This package is up to date.
[INFO] (r0c) This package is up to date.
[INFO] (r12) This package is up to date.
[INFO] (r128gain) This package is up to date.
[INFO] (r2-kernel) This package is up to date.
[INFO] (r2angrdbg) This package is up to date.
[INFO] (r2c1) This package is up to date.
[INFO] (r2ds-api) This package is up to date.
[INFO] (r2dto) This package is up to date.
[INFO] (r2dto-rdf) This package is up to date.
[INFO] (r2lab) This package is up to date.
[INFO] (r2pipe) This package is up to date.
[INFO] (r3) This package is up to date.
[INFO] (r305) This package is up to date.
[INFO] (r360-py) This package is up to date.
[INFO] (r3d2) This package is up to date.
[INFO] (r3py) This package is up to date.
[INFO] (r53) This package is up to date.
[INFO] (r53-dyndns) This package is up to date.
[INFO] (r53-register) This package is up to date.
[ERROR] (r53dyndns) This package does not have downloadable releases.
[ERROR] (r53sync) This package does not have downloadable releases.
[INFO] (r6sapi) This package is up to date.
[INFO] (r7insight) This package is up to date.
[INFO] (r7insight-python) This package is up to date.
[INFO] (ra) This package is up to date.
[INFO] (raananatiraproject) This package is up to date.
[INFO] (raas) This package is up to date.
[INFO] (raasaft) This package is up to date.
[INFO] (rab0003-nester) This package is up to date.
[INFO] (rab003-nester) This package is up to date.
[INFO] (rabacus) This package is up to date.
[INFO] (rabadb) This package is up to date.
[INFO] (rabbit) This package is up to date.
[INFO] (rabbit-backup) This package is up to date.
[INFO] (rabbit-bot) This package is up to date.
[INFO] (rabbit-droppings) This package is up to date.
[INFO] (rabbit-qurator) This package is up to date.
[INFO] (rabbit-rpc) This package is up to date.
[INFO] (rabbit-youtube) This package is up to date.
[INFO] (rabbitadmin) This package is up to date.
[INFO] (rabbitchat) This package is up to date.
[INFO] (rabbitfixture) This package is up to date.
[INFO] (rabbithole) This package is up to date.
[INFO] (rabbitman) This package is up to date.
[ERROR] (rabbitmq) Could not get a response from API for this package. See below for details.
Traceback (most recent call last):
  File "/usr/lib/python3.5/urllib/request.py", line 1254, in do_open
    h.request(req.get_method(), req.selector, req.data, headers)
  File "/usr/lib/python3.5/http/client.py", line 1107, in request
    self._send_request(method, url, body, headers)
  File "/usr/lib/python3.5/http/client.py", line 1152, in _send_request
    self.endheaders(body)
  File "/usr/lib/python3.5/http/client.py", line 1103, in endheaders
    self._send_output(message_body)
  File "/usr/lib/python3.5/http/client.py", line 934, in _send_output
    self.send(msg)
  File "/usr/lib/python3.5/http/client.py", line 877, in send
    self.connect()
  File "/usr/lib/python3.5/http/client.py", line 1253, in connect
    super().connect()
  File "/usr/lib/python3.5/http/client.py", line 849, in connect
    (self.host,self.port), self.timeout, self.source_address)
  File "/usr/lib/python3.5/socket.py", line 712, in create_connection
    raise err
  File "/usr/lib/python3.5/socket.py", line 703, in create_connection
    sock.connect(sa)
OSError: [Errno 99] Cannot assign requested address

During handling of the above exception, another exception occurred:

Traceback (most recent call last):
  File "/usr/local/lib/python3.5/dist-packages/pypicontents/api/pypi.py", line 264, in get_pkgdata
    timeout=10).read()
  File "/usr/lib/python3.5/urllib/request.py", line 163, in urlopen
    return opener.open(url, data, timeout)
  File "/usr/lib/python3.5/urllib/request.py", line 466, in open
    response = self._open(req, data)
  File "/usr/lib/python3.5/urllib/request.py", line 484, in _open
    '_open', req)
  File "/usr/lib/python3.5/urllib/request.py", line 444, in _call_chain
    result = func(*args)
  File "/usr/lib/python3.5/urllib/request.py", line 1297, in https_open
    context=self._context, check_hostname=self._check_hostname)
  File "/usr/lib/python3.5/urllib/request.py", line 1256, in do_open
    raise URLError(err)
urllib.error.URLError: <urlopen error [Errno 99] Cannot assign requested address>

[INFO] (rabbitmq-admin) This package is up to date.
[INFO] (rabbitmq-alert) This package is up to date.
[INFO] (rabbitmq-hub) This package is up to date.
[INFO] (rabbitmq-munin) This package is up to date.
[INFO] (rabbitmq-statsd-bridge) This package is up to date.
[INFO] (rabbitmqstats) This package is up to date.
[INFO] (rabbitplay) This package is up to date.
[INFO] (rabbitpy) This package is up to date.
[INFO] (rabbitracer) This package is up to date.
[INFO] (rabbitrpc) This package is up to date.
[INFO] (rabbitsay) This package is up to date.
[INFO] (rabbitstew) This package is up to date.
[ERROR] (rabbittools) This package does not have downloadable releases.
[INFO] (rabbyt) This package is up to date.
[INFO] (rabdam) This package is up to date.
[INFO] (rabeye) This package is up to date.
[INFO] (rabifier) This package is up to date.
[INFO] (rabird-core) This package is up to date.
[INFO] (rabird-html) This package is up to date.
[INFO] (rabird-qt) This package is up to date.
[INFO] (rabird-selenium) This package is up to date.
[INFO] (rabird-winio) This package is up to date.
[INFO] (rabisco) This package is up to date.
[INFO] (rabix) This package is up to date.
[INFO] (rabx) This package is up to date.
[INFO] (rac) This package is up to date.
[INFO] (racconto) This package is up to date.
[INFO] (raccoon) This package is up to date.
[INFO] (raccoon-scanner) This package is up to date.
[INFO] (raccoontest) This package is up to date.
[INFO] (racecontrol) This package is up to date.
[INFO] (racedata) This package is up to date.
[INFO] (racengine) This package is up to date.
[INFO] (rache) This package is up to date.
[INFO] (rachiopy) This package is up to date.
[INFO] (racing-data) This package is up to date.
[INFO] (rack) This package is up to date.
[INFO] (rack-iam) This package is up to date.
[INFO] (rackcli) This package is up to date.
[INFO] (racks) This package is up to date.
[INFO] (rackspace-auth-neutronclientext) This package is up to date.
[INFO] (rackspace-auth-openstack) This package is up to date.
[INFO] (rackspace-backup-client) This package is up to date.
[INFO] (rackspace-glanceclient) This package is up to date.
[INFO] (rackspace-monitoring) This package is up to date.
[INFO] (rackspace-monitoring-cli) This package is up to date.
[INFO] (rackspace-neutronclient) This package is up to date.
[INFO] (rackspace-novaclient) This package is up to date.
[INFO] (rackspace-python-neutronclient) This package is up to date.
[INFO] (rackspace-ticket-report) This package is up to date.
[INFO] (rackspace-token-generator) This package is up to date.
[INFO] (rackspaceauth) This package is up to date.
[INFO] (rackspaceauthopenstack) This package is up to date.
[INFO] (rackspacenovaclient) This package is up to date.
[INFO] (rackspacesdk) This package is up to date.
[INFO] (racktables-api) This package is up to date.
[INFO] (rackup) This package is up to date.
[INFO] (raco) This package is up to date.
[INFO] (racovimge) This package is up to date.
[INFO] (rad) This package is up to date.
[ERROR] (rad-util) Could not extract data from this package. See below for details.
".py" extension not supported.
[INFO] (rad2f5) This package is up to date.
[INFO] (rada-package) This package is up to date.
[INFO] (rada-student-package) This package is up to date.
[ERROR] (rada-student-package-2) Could not get a response from API for this package. See below for details.
Traceback (most recent call last):
  File "/usr/local/lib/python3.5/dist-packages/pypicontents/api/pypi.py", line 264, in get_pkgdata
    timeout=10).read()
  File "/usr/lib/python3.5/urllib/request.py", line 163, in urlopen
    return opener.open(url, data, timeout)
  File "/usr/lib/python3.5/urllib/request.py", line 472, in open
    response = meth(req, response)
  File "/usr/lib/python3.5/urllib/request.py", line 582, in http_response
    'http', request, response, code, msg, hdrs)
  File "/usr/lib/python3.5/urllib/request.py", line 504, in error
    result = self._call_chain(*args)
  File "/usr/lib/python3.5/urllib/request.py", line 444, in _call_chain
    result = func(*args)
  File "/usr/lib/python3.5/urllib/request.py", line 696, in http_error_302
    return self.parent.open(new, timeout=req.timeout)
  File "/usr/lib/python3.5/urllib/request.py", line 472, in open
    response = meth(req, response)
  File "/usr/lib/python3.5/urllib/request.py", line 582, in http_response
    'http', request, response, code, msg, hdrs)
  File "/usr/lib/python3.5/urllib/request.py", line 510, in error
    return self._call_chain(*args)
  File "/usr/lib/python3.5/urllib/request.py", line 444, in _call_chain
    result = func(*args)
  File "/usr/lib/python3.5/urllib/request.py", line 590, in http_error_default
    raise HTTPError(req.full_url, code, msg, hdrs, fp)
urllib.error.HTTPError: HTTP Error 404: Not Found

[ERROR] (rada-student-package-2-0) Could not get a response from API for this package. See below for details.
Traceback (most recent call last):
  File "/usr/local/lib/python3.5/dist-packages/pypicontents/api/pypi.py", line 264, in get_pkgdata
    timeout=10).read()
  File "/usr/lib/python3.5/urllib/request.py", line 163, in urlopen
    return opener.open(url, data, timeout)
  File "/usr/lib/python3.5/urllib/request.py", line 472, in open
    response = meth(req, response)
  File "/usr/lib/python3.5/urllib/request.py", line 582, in http_response
    'http', request, response, code, msg, hdrs)
  File "/usr/lib/python3.5/urllib/request.py", line 504, in error
    result = self._call_chain(*args)
  File "/usr/lib/python3.5/urllib/request.py", line 444, in _call_chain
    result = func(*args)
  File "/usr/lib/python3.5/urllib/request.py", line 696, in http_error_302
    return self.parent.open(new, timeout=req.timeout)
  File "/usr/lib/python3.5/urllib/request.py", line 472, in open
    response = meth(req, response)
  File "/usr/lib/python3.5/urllib/request.py", line 582, in http_response
    'http', request, response, code, msg, hdrs)
  File "/usr/lib/python3.5/urllib/request.py", line 510, in error
    return self._call_chain(*args)
  File "/usr/lib/python3.5/urllib/request.py", line 444, in _call_chain
    result = func(*args)
  File "/usr/lib/python3.5/urllib/request.py", line 590, in http_error_default
    raise HTTPError(req.full_url, code, msg, hdrs, fp)
urllib.error.HTTPError: HTTP Error 404: Not Found

[INFO] (radar) This package is up to date.
[INFO] (radar-resolver) This package is up to date.
[INFO] (radare2-ctypes) This package is up to date.
[INFO] (radarly-py) This package is up to date.
[INFO] (radarsatlib) This package is up to date.
[INFO] (radb) This package is up to date.
[INFO] (radcalnet) This package is up to date.
[INFO] (radd) This package is up to date.
[INFO] (radfil) This package is up to date.
[INFO] (radial-distance-layout) This package is up to date.
[INFO] (radialx) This package is up to date.
[INFO] (radiant) This package is up to date.
[INFO] (radiant-voices) This package is up to date.
[INFO] (radiator) This package is up to date.
[ERROR] (radical) This package does not have downloadable releases.
[INFO] (radical-analytics) This package is up to date.
[INFO] (radical-ensemblemd) This package is up to date.
[INFO] (radical-ensemblemd-ensembleapi) This package is up to date.
[INFO] (radical-ensemblemd-mdkernels) This package is up to date.
[INFO] (radical-entk) This package is up to date.
[INFO] (radical-nge) This package is up to date.
[ERROR] (radical-owms) This package does not have downloadable releases.
[INFO] (radical-pilot) This package is up to date.
[INFO] (radical-pilot-sc15) This package is up to date.
[INFO] (radical-repex) This package is up to date.
[INFO] (radical-rpc) This package is up to date.
[INFO] (radical-synapse) This package is up to date.
[INFO] (radical-utils) This package is up to date.
[INFO] (radicale) This package is up to date.
[INFO] (radicale-auth-odoo) This package is up to date.
[INFO] (radicale-docecot-auth) This package is up to date.
[INFO] (radicale-dovecot-auth) This package is up to date.
[INFO] (radicale-imap) This package is up to date.
[INFO] (radicale-remind) This package is up to date.
[INFO] (radicale-storage-by-index) This package is up to date.
[INFO] (radicale-storage-etesync) This package is up to date.
[INFO] (radicale-storage-family-scheduler) This package is up to date.
[INFO] (radicale-timerange-indexed-storage) This package is up to date.
[INFO] (radicals) This package is up to date.
[INFO] (radico) This package is up to date.
[INFO] (radie) This package is up to date.
[INFO] (radiis) This package is up to date.
[INFO] (radikorec) This package is up to date.
[INFO] (radio) This package is up to date.
[INFO] (radio-beam) This package is up to date.
[INFO] (radio-class) This package is up to date.
[INFO] (radio-pyse) This package is up to date.
[INFO] (radiobabel) This package is up to date.
[INFO] (radiocells) This package is up to date.
[ERROR] (radiocut-dl) This package does not have downloadable releases.
[INFO] (radiocut-downloader) This package is up to date.
[INFO] (radiodelay) This package is up to date.
[INFO] (radioencode) This package is up to date.
[INFO] (radioflux) This package is up to date.
[INFO] (radioglobo) This package is up to date.
[INFO] (radiometric-normalization) This package is up to date.
[INFO] (radiomics) This package is up to date.
[INFO] (radiopadre) This package is up to date.
[INFO] (radiopy) This package is up to date.
[INFO] (radioscopy) This package is up to date.
[INFO] (radiospectra) This package is up to date.
[INFO] (radiotherm) This package is up to date.
[INFO] (radiotool) This package is up to date.
[INFO] (radioutils) This package is up to date.
[INFO] (radiovy) This package is up to date.
[INFO] (radis) This package is up to date.
[INFO] (radish) This package is up to date.
[INFO] (radish-bdd) This package is up to date.
[INFO] (radish-parse-type) This package is up to date.
[INFO] (radish-run) This package is up to date.
[INFO] (radishsalad) This package is up to date.
[ERROR] (radix) This package does not have downloadable releases.
[INFO] (radl) This package is up to date.
[INFO] (radlocate) This package is up to date.
[INFO] (radmyarchive) This package is up to date.
[INFO] (radnlp) This package is up to date.
[INFO] (radon) This package is up to date.
[INFO] (radonbear) This package is up to date.
[INFO] (radontea) This package is up to date.
[INFO] (radosgw-admin) This package is up to date.
[INFO] (radosgw-agent) This package is up to date.
[INFO] (radpress) This package is up to date.
[INFO] (radproc) This package is up to date.
[INFO] (radrecord) This package is up to date.
[ERROR] (radrecord2) This package does not have downloadable releases.
[INFO] (radsim) This package is up to date.
[INFO] (radssh) This package is up to date.
[ERROR] (radsunpath) Could not extract data from this package. See below for details.
".deluminaelab.com" extension not supported.
[INFO] (raduga) This package is up to date.
[INFO] (radula) This package is up to date.
[INFO] (radvel) This package is up to date.
[INFO] (radware-os-lb-v1-kilo) This package is up to date.
[INFO] (radware-os-lb-v2-kilo) This package is up to date.
[INFO] (radware-os-lb-v2-liberty) This package is up to date.
[INFO] (radware-os-lb-v2-mitaka) This package is up to date.
[INFO] (radware-os-lb-v2-newton) This package is up to date.
[INFO] (radware-os-lb-v2-ocata) This package is up to date.
[INFO] (radware-os-lb-v2-pike) This package is up to date.
[INFO] (raet) This package is up to date.
[INFO] (raetp) This package is up to date.
[INFO] (raf) This package is up to date.
[INFO] (rafa-list) This package is up to date.
[INFO] (rafaelbpa) This package is up to date.
[INFO] (rafcon) This package is up to date.
[INFO] (raffaello) This package is up to date.
[INFO] (rafflepy) This package is up to date.
[INFO] (rafi-mx) This package is up to date.
[INFO] (rafiki) This package is up to date.
[INFO] (rafter) This package is up to date.
[INFO] (rafter-openapi) This package is up to date.
[INFO] (raftkit) This package is up to date.
[INFO] (raftos) This package is up to date.
[INFO] (rafutils) This package is up to date.
[INFO] (raga-practice-util) This package is up to date.
[INFO] (ragames) This package is up to date.
[ERROR] (ragamuffin) Could not get a response from API for this package. See below for details.
Traceback (most recent call last):
  File "/usr/local/lib/python3.5/dist-packages/pypicontents/api/pypi.py", line 264, in get_pkgdata
    timeout=10).read()
  File "/usr/lib/python3.5/urllib/request.py", line 163, in urlopen
    return opener.open(url, data, timeout)
  File "/usr/lib/python3.5/urllib/request.py", line 472, in open
    response = meth(req, response)
  File "/usr/lib/python3.5/urllib/request.py", line 582, in http_response
    'http', request, response, code, msg, hdrs)
  File "/usr/lib/python3.5/urllib/request.py", line 510, in error
    return self._call_chain(*args)
  File "/usr/lib/python3.5/urllib/request.py", line 444, in _call_chain
    result = func(*args)
  File "/usr/lib/python3.5/urllib/request.py", line 590, in http_error_default
    raise HTTPError(req.full_url, code, msg, hdrs, fp)
urllib.error.HTTPError: HTTP Error 404: Not Found

[INFO] (rage) This package is up to date.
[INFO] (ragent) This package is up to date.
[ERROR] (ragnarok) Could not get a response from API for this package. See below for details.
Traceback (most recent call last):
  File "/usr/local/lib/python3.5/dist-packages/pypicontents/api/pypi.py", line 264, in get_pkgdata
    timeout=10).read()
  File "/usr/lib/python3.5/urllib/request.py", line 163, in urlopen
    return opener.open(url, data, timeout)
  File "/usr/lib/python3.5/urllib/request.py", line 472, in open
    response = meth(req, response)
  File "/usr/lib/python3.5/urllib/request.py", line 582, in http_response
    'http', request, response, code, msg, hdrs)
  File "/usr/lib/python3.5/urllib/request.py", line 504, in error
    result = self._call_chain(*args)
  File "/usr/lib/python3.5/urllib/request.py", line 444, in _call_chain
    result = func(*args)
  File "/usr/lib/python3.5/urllib/request.py", line 696, in http_error_302
    return self.parent.open(new, timeout=req.timeout)
  File "/usr/lib/python3.5/urllib/request.py", line 472, in open
    response = meth(req, response)
  File "/usr/lib/python3.5/urllib/request.py", line 582, in http_response
    'http', request, response, code, msg, hdrs)
  File "/usr/lib/python3.5/urllib/request.py", line 510, in error
    return self._call_chain(*args)
  File "/usr/lib/python3.5/urllib/request.py", line 444, in _call_chain
    result = func(*args)
  File "/usr/lib/python3.5/urllib/request.py", line 590, in http_error_default
    raise HTTPError(req.full_url, code, msg, hdrs, fp)
urllib.error.HTTPError: HTTP Error 404: Not Found

[INFO] (ragnarokengine3) This package is up to date.
[INFO] (ragool) This package is up to date.
[INFO] (ragout) This package is up to date.
[INFO] (ragstoriches) This package is up to date.
[INFO] (rahr) This package is up to date.
[INFO] (rai) This package is up to date.
[INFO] (raiblocks) This package is up to date.
[INFO] (raiblocks-exporter) This package is up to date.
[INFO] (raid-guard) This package is up to date.
[INFO] (raida) This package is up to date.
[INFO] (raiden) This package is up to date.
[INFO] (raiden-contracts) This package is up to date.
[INFO] (raiden-libs) This package is up to date.
[INFO] (railgun) This package is up to date.
[INFO] (railgun-cli) This package is up to date.
[INFO] (railguns) This package is up to date.
[INFO] (railin) This package is up to date.
[INFO] (railroad) This package is up to date.
[ERROR] (railroadtracks) This package does not have downloadable releases.
[INFO] (rails) This package is up to date.
[INFO] (railscookie) This package is up to date.
[INFO] (raimixer) This package is up to date.
[ERROR] (rain) Could not extract data from this package. See below for details.
This package download URL does not point to a valid file: "https://api.github.com/repos/rich-pixley/rain/tarball"
[INFO] (rain-disagg) This package is up to date.
[INFO] (rain-python) This package is up to date.
[INFO] (rainbarrel) This package is up to date.
[INFO] (rainbow) This package is up to date.
[INFO] (rainbow-cfn) This package is up to date.
[INFO] (rainbow-django) This package is up to date.
[INFO] (rainbow-logging-handler) This package is up to date.
[INFO] (rainbow-saddle) This package is up to date.
[INFO] (rainbow-server) This package is up to date.
[INFO] (rainbowalga) This package is up to date.
[INFO] (rainbowchain) This package is up to date.
[INFO] (rainbowhat) This package is up to date.
[INFO] (rainbowlotus-policy) This package is up to date.
[INFO] (rainbowmindmachine) This package is up to date.
[INFO] (rainbowrunners) This package is up to date.
[INFO] (rainbowstream) This package is up to date.
[INFO] (raincloudy) This package is up to date.
[INFO] (raincoat) This package is up to date.
[INFO] (raincoat-umbrella) This package is up to date.
[INFO] (raindb) This package is up to date.
[INFO] (raindrop) This package is up to date.
[INFO] (raindrop-py) This package is up to date.
[INFO] (raineagle) This package is up to date.
[INFO] (rainfall) This package is up to date.
[INFO] (rainflow) This package is up to date.
[INFO] (raingutter) This package is up to date.
[INFO] (raining-man) This package is up to date.
[INFO] (rainingman) This package is up to date.
[INFO] (rainmaker) This package is up to date.
[ERROR] (rainman) This package does not have downloadable releases.
[INFO] (rainstorm) This package is up to date.
[INFO] (raipy) This package is up to date.
[INFO] (raise) This package is up to date.
[INFO] (raise-if) This package is up to date.
[INFO] (raiseorlaunch) This package is up to date.
[INFO] (raises) This package is up to date.
[INFO] (raisin-box) This package is up to date.
[INFO] (raisin-mysqldb) This package is up to date.
[INFO] (raisin-page) This package is up to date.
[INFO] (raisin-pyramid) This package is up to date.
[INFO] (raisin-recipe-dashboard) This package is up to date.
[INFO] (raisin-recipe-extract) This package is up to date.
[INFO] (raisin-recipe-load) This package is up to date.
[INFO] (raisin-recipe-server) This package is up to date.
[INFO] (raisin-recipe-transformation) This package is up to date.
[INFO] (raisin-resource) This package is up to date.
[INFO] (raisin-restish) This package is up to date.
[INFO] (raisin-restkit) This package is up to date.
[INFO] (raisin-restyler) This package is up to date.
[INFO] (raitonoberu) This package is up to date.
[ERROR] (raja-ongkir) This package does not have downloadable releases.
[INFO] (rajaongkir) This package is up to date.
[INFO] (rajce-download) This package is up to date.
[INFO] (rajivpb-datalab) This package is up to date.
[INFO] (rak-arth) This package is up to date.
[ERROR] (rakaia) This package does not have downloadable releases.
[INFO] (rakam) This package is up to date.
[INFO] (rakam-client) This package is up to date.
[INFO] (rake) This package is up to date.
[INFO] (rake-flow) This package is up to date.
[INFO] (rake-nltk) This package is up to date.
[ERROR] (rake-workflow) Could not get a response from API for this package. See below for details.
Traceback (most recent call last):
  File "/usr/local/lib/python3.5/dist-packages/pypicontents/api/pypi.py", line 264, in get_pkgdata
    timeout=10).read()
  File "/usr/lib/python3.5/urllib/request.py", line 163, in urlopen
    return opener.open(url, data, timeout)
  File "/usr/lib/python3.5/urllib/request.py", line 472, in open
    response = meth(req, response)
  File "/usr/lib/python3.5/urllib/request.py", line 582, in http_response
    'http', request, response, code, msg, hdrs)
  File "/usr/lib/python3.5/urllib/request.py", line 510, in error
    return self._call_chain(*args)
  File "/usr/lib/python3.5/urllib/request.py", line 444, in _call_chain
    result = func(*args)
  File "/usr/lib/python3.5/urllib/request.py", line 590, in http_error_default
    raise HTTPError(req.full_url, code, msg, hdrs, fp)
urllib.error.HTTPError: HTTP Error 404: Not Found

[ERROR] (rakomon) Could not extract data from this package. See below for details.
Unsupported package directory structure.
[INFO] (rakshita) This package is up to date.
[INFO] (rakshita-jain) This package is up to date.
[ERROR] (rakun) Could not extract data from this package. See below for details.
".php" extension not supported.
[ERROR] (rakun-xml-application-platform) Could not get a response from API for this package. See below for details.
Traceback (most recent call last):
  File "/usr/local/lib/python3.5/dist-packages/pypicontents/api/pypi.py", line 264, in get_pkgdata
    timeout=10).read()
  File "/usr/lib/python3.5/urllib/request.py", line 163, in urlopen
    return opener.open(url, data, timeout)
  File "/usr/lib/python3.5/urllib/request.py", line 472, in open
    response = meth(req, response)
  File "/usr/lib/python3.5/urllib/request.py", line 582, in http_response
    'http', request, response, code, msg, hdrs)
  File "/usr/lib/python3.5/urllib/request.py", line 504, in error
    result = self._call_chain(*args)
  File "/usr/lib/python3.5/urllib/request.py", line 444, in _call_chain
    result = func(*args)
  File "/usr/lib/python3.5/urllib/request.py", line 696, in http_error_302
    return self.parent.open(new, timeout=req.timeout)
  File "/usr/lib/python3.5/urllib/request.py", line 472, in open
    response = meth(req, response)
  File "/usr/lib/python3.5/urllib/request.py", line 582, in http_response
    'http', request, response, code, msg, hdrs)
  File "/usr/lib/python3.5/urllib/request.py", line 510, in error
    return self._call_chain(*args)
  File "/usr/lib/python3.5/urllib/request.py", line 444, in _call_chain
    result = func(*args)
  File "/usr/lib/python3.5/urllib/request.py", line 590, in http_error_default
    raise HTTPError(req.full_url, code, msg, hdrs, fp)
urllib.error.HTTPError: HTTP Error 404: Not Found

[INFO] (rakuten) This package is up to date.
[INFO] (rakuten-ws) This package is up to date.
[INFO] (rakutenma) This package is up to date.
[INFO] (ralc) This package is up to date.
[INFO] (rally) This package is up to date.
[ERROR] (rally-ci) This package does not have downloadable releases.
[INFO] (rally-openstack) This package is up to date.
[INFO] (rally-runners) This package is up to date.
[INFO] (ralogs) This package is up to date.
[INFO] (ralph) This package is up to date.
[INFO] (ralph-assets) This package is up to date.
[INFO] (ralph-beast) This package is up to date.
[INFO] (ralph-pricing) This package is up to date.
[INFO] (ralph-scrooge) This package is up to date.
[ERROR] (ram) This package does not have downloadable releases.
[INFO] (ram-arith) This package is up to date.
[INFO] (ram-gym) This package is up to date.
[INFO] (ram-pack) This package is up to date.
[INFO] (rama) This package is up to date.
[INFO] (ramadda-publish) This package is up to date.
[INFO] (ramapi) This package is up to date.
[INFO] (rambo) This package is up to date.
[INFO] (rambo-vagrant) This package is up to date.
[INFO] (rambutan) This package is up to date.
[INFO] (ramchet) This package is up to date.
[INFO] (ramda) Data has been updated for this package.
[INFO] (ramdpy) This package is up to date.
[ERROR] (ramec) This package does not have downloadable releases.
[INFO] (ramen) This package is up to date.
[ERROR] (ramiel) This package does not have downloadable releases.
[ERROR] (ramiel-cli) This package does not have downloadable releases.
[INFO] (ramips) This package is up to date.
[INFO] (ramjet) This package is up to date.
[ERROR] (raml) This package does not have downloadable releases.
[INFO] (raml-codec) This package is up to date.
[INFO] (raml2spore) This package is up to date.
[INFO] (ramldocgen) This package is up to date.
[INFO] (ramlfications) This package is up to date.
[INFO] (ramlient) This package is up to date.
[INFO] (ramlizer) This package is up to date.
[INFO] (ramllintbear) This package is up to date.
[INFO] (ramlpy) This package is up to date.
[INFO] (ramlwrap) This package is up to date.
[INFO] (ramona) This package is up to date.
[INFO] (ramos) This package is up to date.
[INFO] (ramp) This package is up to date.
[INFO] (ramp-packer) This package is up to date.
[INFO] (rampage) This package is up to date.
[INFO] (rampante) This package is up to date.
[INFO] (rampedpyrox) This package is up to date.
[ERROR] (rampplanner) This package does not have downloadable releases.
[INFO] (rampy) This package is up to date.
[INFO] (ramrodbrain) This package is up to date.
[INFO] (ramses) This package is up to date.
[INFO] (ramseswu-pythonmoduletest) This package is up to date.
[INFO] (ramstk) This package is up to date.
[INFO] (ramyaathletelist) This package is up to date.
[INFO] (ramyaexample) This package is up to date.
[INFO] (rancat) This package is up to date.
[INFO] (ranch) This package is up to date.
[INFO] (rancher) This package is up to date.
[INFO] (rancher-agent-registration) This package is up to date.
[INFO] (rancher-api) This package is up to date.
[INFO] (rancher-autobackup) This package is up to date.
[INFO] (rancher-gen) This package is up to date.
[INFO] (rancher-gitlab-deploy) This package is up to date.
[INFO] (rancher-metadata) This package is up to date.
[INFO] (rancher-upgrader) This package is up to date.
[INFO] (rancidcmd) This package is up to date.
[INFO] (rancidtoolkit2) This package is up to date.
[INFO] (rancon) This package is up to date.
[INFO] (randassign) This package is up to date.
[INFO] (randbanner) This package is up to date.
[INFO] (randenc) This package is up to date.
[INFO] (rander) This package is up to date.
[INFO] (randfilter) This package is up to date.
[INFO] (randgen-generator-bsp) This package is up to date.
[INFO] (randgen-generator-bsp2) This package is up to date.
[INFO] (randgen-maptools) This package is up to date.
[INFO] (randio) This package is up to date.
[INFO] (randlemur) This package is up to date.
[INFO] (randname) This package is up to date.
[INFO] (random-access-file-reader) This package is up to date.
[INFO] (random-audio) This package is up to date.
[INFO] (random-biocomp-package) This package is up to date.
[INFO] (random-cat) This package is up to date.
[INFO] (random-cli) This package is up to date.
[INFO] (random-color) This package is up to date.
[INFO] (random-cricket-profiles) This package is up to date.
[INFO] (random-custom-pdf) This package is up to date.
[INFO] (random-episode) This package is up to date.
[INFO] (random-flavorpack) This package is up to date.
[INFO] (random-geometry-points) This package is up to date.
[INFO] (random-instances) This package is up to date.
[INFO] (random-json) This package is up to date.
[INFO] (random-name) This package is up to date.
[INFO] (random-name-generator) This package is up to date.
[INFO] (random-object-id) This package is up to date.
[INFO] (random-password) This package is up to date.
[INFO] (random-password-generator) This package is up to date.
[INFO] (random-poem) This package is up to date.
[INFO] (random-script) This package is up to date.
[INFO] (random-string) This package is up to date.
[INFO] (random-string-generate) This package is up to date.
[INFO] (random-ua) This package is up to date.
[INFO] (random-user-generation) This package is up to date.
[INFO] (random-useragent) This package is up to date.
[INFO] (random-variable) This package is up to date.
[ERROR] (random-word) Could not extract data from this package. See below for details.
"https://files.pythonhosted.org/packages/2a/7f/fd07e41e699a5e5c5ea3ae89327d96b29564d770d61ea38171e127391fac/Random%20Word-1.0.3.tar.gz" file could not be downloaded. See below for details.
Traceback (most recent call last):
  File "/usr/local/lib/python3.5/dist-packages/pypicontents/api/pypi.py", line 107, in download_tar
    f.write(urlopen(url=urlesc(pkgurl), timeout=10).read())
  File "/usr/lib/python3.5/urllib/request.py", line 163, in urlopen
    return opener.open(url, data, timeout)
  File "/usr/lib/python3.5/urllib/request.py", line 472, in open
    response = meth(req, response)
  File "/usr/lib/python3.5/urllib/request.py", line 582, in http_response
    'http', request, response, code, msg, hdrs)
  File "/usr/lib/python3.5/urllib/request.py", line 510, in error
    return self._call_chain(*args)
  File "/usr/lib/python3.5/urllib/request.py", line 444, in _call_chain
    result = func(*args)
  File "/usr/lib/python3.5/urllib/request.py", line 590, in http_error_default
    raise HTTPError(req.full_url, code, msg, hdrs, fp)
urllib.error.HTTPError: HTTP Error 404: Not Found

[INFO] (random2) This package is up to date.
[INFO] (randomaccesstoken) This package is up to date.
[INFO] (randomavatar) This package is up to date.
[INFO] (randomaya) This package is up to date.
[INFO] (randomaze) This package is up to date.
[INFO] (randombinarystring) This package is up to date.
[INFO] (randomcolor) This package is up to date.
[INFO] (randomcorrmat) This package is up to date.
[INFO] (randomdata) This package is up to date.
[INFO] (randomdataloader) This package is up to date.
[INFO] (randomdict) This package is up to date.
[INFO] (randomdotorg) This package is up to date.
[INFO] (randomfacts) This package is up to date.
[INFO] (randomfield) This package is up to date.
[INFO] (randomfoldername) This package is up to date.
[INFO] (randomgen) This package is up to date.
[INFO] (randomgetter) This package is up to date.
[ERROR] (randomhaiku) This package does not have downloadable releases.
[INFO] (randomindexlist) This package is up to date.
[INFO] (randomio) This package is up to date.
[INFO] (randomium) This package is up to date.
[INFO] (randomization) This package is up to date.
[INFO] (randomize) This package is up to date.
[INFO] (randomized-requests) This package is up to date.
[INFO] (randomlineaccess) This package is up to date.
[INFO] (randomlogo) This package is up to date.
[INFO] (randomlyric) This package is up to date.
[INFO] (randommac) This package is up to date.
[ERROR] (randomness-beacon) This package does not have downloadable releases.
[INFO] (randomorg) This package is up to date.
[INFO] (randompy) This package is up to date.
[INFO] (randomquote) This package is up to date.
[INFO] (randomroller) This package is up to date.
[INFO] (randomsentence) This package is up to date.
[INFO] (randomsleep) This package is up to date.
[INFO] (randomsources) This package is up to date.
[INFO] (randomstate) This package is up to date.
[INFO] (randomstring) This package is up to date.
[INFO] (randomthings) This package is up to date.
[INFO] (randomtools) This package is up to date.
[INFO] (randomuser) This package is up to date.
[INFO] (randomuser-generator-gcse) This package is up to date.
[INFO] (randomutil) This package is up to date.
[INFO] (randomwordgenerator) This package is up to date.
[INFO] (randomwords) This package is up to date.
[INFO] (randopt) This package is up to date.
[INFO] (randorg) This package is up to date.
[INFO] (randovania) This package is up to date.
[INFO] (randpw) This package is up to date.
[INFO] (randpy) This package is up to date.
[INFO] (randrctl) This package is up to date.
[INFO] (randre) This package is up to date.
[INFO] (randstr) This package is up to date.
[INFO] (randstring) This package is up to date.
[INFO] (randstringify) This package is up to date.
[INFO] (randua) This package is up to date.
[INFO] (randy) This package is up to date.
[INFO] (ranga) This package is up to date.
[INFO] (range) This package is up to date.
[INFO] (range-coder) This package is up to date.
[INFO] (range-key-dict) This package is up to date.
[INFO] (range-regex) This package is up to date.
[INFO] (range-test) This package is up to date.
[INFO] (range-utils) This package is up to date.
[INFO] (rangedict) This package is up to date.
[INFO] (rangehttpserver) This package is up to date.
[INFO] (rangeminquery) This package is up to date.
[INFO] (rangeparser) This package is up to date.
[INFO] (rangeplus) This package is up to date.
[INFO] (ranger) This package is up to date.
[INFO] (ranger-fm) This package is up to date.
[INFO] (ranges) This package is up to date.
[INFO] (ranges-consolidator) This package is up to date.
[INFO] (rangeset) This package is up to date.
[INFO] (rangetree) This package is up to date.
[INFO] (rango) This package is up to date.
[INFO] (ranivris-test) This package is up to date.
[INFO] (rank) This package is up to date.
[INFO] (rank-filter) This package is up to date.
[INFO] (rank-histogram) This package is up to date.
[INFO] (rank-provider) This package is up to date.
[INFO] (rankedlist) This package is up to date.
[INFO] (rankeval) This package is up to date.
[INFO] (rankine) This package is up to date.
[INFO] (ranking) This package is up to date.
[INFO] (ranking-sorting) This package is up to date.
[INFO] (ranking-table-tennis) This package is up to date.
[INFO] (rankit) This package is up to date.
[INFO] (rankmetrics) This package is up to date.
[INFO] (ranktier) This package is up to date.
[INFO] (ransomwaretracker) This package is up to date.
[INFO] (rant) This package is up to date.
[INFO] (rapclust) This package is up to date.
[INFO] (raphaelnester) This package is up to date.
[INFO] (raphendyr-django-essentials) This package is up to date.
[INFO] (rapi) This package is up to date.
[INFO] (rapid) This package is up to date.
[INFO] (rapid-django) This package is up to date.
[INFO] (rapid-framework) This package is up to date.
[INFO] (rapid-response-xblock) This package is up to date.
[INFO] (rapid-router) This package is up to date.
[INFO] (rapid-spring) This package is up to date.
[INFO] (rapidconnect) This package is up to date.
[INFO] (rapideye) This package is up to date.
[INFO] (rapidfire) This package is up to date.
[INFO] (rapidgiza) This package is up to date.
[ERROR] (rapidmigration) This package does not have downloadable releases.
[INFO] (rapidml) This package is up to date.
[INFO] (rapido-core) This package is up to date.
[INFO] (rapido-plone) This package is up to date.
[INFO] (rapido-souper) This package is up to date.
[INFO] (rapidpg) This package is up to date.
[INFO] (rapidpro-controller) This package is up to date.
[INFO] (rapidpro-dash) This package is up to date.
[INFO] (rapidpro-expressions) This package is up to date.
[INFO] (rapidpro-flows) This package is up to date.
[INFO] (rapidpro-for-rapidsms) This package is up to date.
[INFO] (rapidpro-pull) This package is up to date.
[INFO] (rapidpro-python) This package is up to date.
[INFO] (rapidprototype) This package is up to date.
[INFO] (rapidpy) This package is up to date.
[INFO] (rapidrpc) This package is up to date.
[INFO] (rapids) This package is up to date.
[INFO] (rapidserv) This package is up to date.
[INFO] (rapidsms) This package is up to date.
[INFO] (rapidsms-appointments) This package is up to date.
[INFO] (rapidsms-celery-router) This package is up to date.
[INFO] (rapidsms-healthcare) This package is up to date.
[INFO] (rapidsms-httprouter) This package is up to date.
[INFO] (rapidsms-multimodem) This package is up to date.
[INFO] (rapidsms-multitenancy) This package is up to date.
[INFO] (rapidsms-threadless-router) This package is up to date.
[INFO] (rapidsms-tropo) This package is up to date.
[INFO] (rapidsms-twilio) This package is up to date.
[INFO] (rapidsms-xforms) This package is up to date.
[INFO] (rapidsms-xray) This package is up to date.
[INFO] (rapidxml) This package is up to date.
[INFO] (rapier) This package is up to date.
[INFO] (rapiflash) This package is up to date.
[INFO] (rapleafapi) This package is up to date.
[INFO] (rapmedusa) This package is up to date.
[INFO] (rapnet) This package is up to date.
[INFO] (rapper) This package is up to date.
[INFO] (rapport) This package is up to date.
[ERROR] (rappy) This package does not have downloadable releases.
[INFO] (rapt) This package is up to date.
[ERROR] (raptor) Could not get a response from API for this package. See below for details.
Traceback (most recent call last):
  File "/usr/lib/python3.5/urllib/request.py", line 1254, in do_open
    h.request(req.get_method(), req.selector, req.data, headers)
  File "/usr/lib/python3.5/http/client.py", line 1107, in request
    self._send_request(method, url, body, headers)
  File "/usr/lib/python3.5/http/client.py", line 1152, in _send_request
    self.endheaders(body)
  File "/usr/lib/python3.5/http/client.py", line 1103, in endheaders
    self._send_output(message_body)
  File "/usr/lib/python3.5/http/client.py", line 934, in _send_output
    self.send(msg)
  File "/usr/lib/python3.5/http/client.py", line 877, in send
    self.connect()
  File "/usr/lib/python3.5/http/client.py", line 1253, in connect
    super().connect()
  File "/usr/lib/python3.5/http/client.py", line 849, in connect
    (self.host,self.port), self.timeout, self.source_address)
  File "/usr/lib/python3.5/socket.py", line 712, in create_connection
    raise err
  File "/usr/lib/python3.5/socket.py", line 703, in create_connection
    sock.connect(sa)
OSError: [Errno 99] Cannot assign requested address

During handling of the above exception, another exception occurred:

Traceback (most recent call last):
  File "/usr/local/lib/python3.5/dist-packages/pypicontents/api/pypi.py", line 264, in get_pkgdata
    timeout=10).read()
  File "/usr/lib/python3.5/urllib/request.py", line 163, in urlopen
    return opener.open(url, data, timeout)
  File "/usr/lib/python3.5/urllib/request.py", line 466, in open
    response = self._open(req, data)
  File "/usr/lib/python3.5/urllib/request.py", line 484, in _open
    '_open', req)
  File "/usr/lib/python3.5/urllib/request.py", line 444, in _call_chain
    result = func(*args)
  File "/usr/lib/python3.5/urllib/request.py", line 1297, in https_open
    context=self._context, check_hostname=self._check_hostname)
  File "/usr/lib/python3.5/urllib/request.py", line 1256, in do_open
    raise URLError(err)
urllib.error.URLError: <urlopen error [Errno 99] Cannot assign requested address>

[INFO] (raptora) This package is up to date.
[INFO] (raptorizemw) This package is up to date.
[INFO] (raptorlink) This package is up to date.
[INFO] (raptureapi) This package is up to date.
[INFO] (raptus-article-accordion) This package is up to date.
[INFO] (raptus-article-additionalwysiwyg) This package is up to date.
[INFO] (raptus-article-addthis) This package is up to date.
[INFO] (raptus-article-alias) This package is up to date.
[INFO] (raptus-article-allcontent) This package is up to date.
[INFO] (raptus-article-backlink) This package is up to date.
[INFO] (raptus-article-collections) This package is up to date.
[INFO] (raptus-article-contentfader) This package is up to date.
[INFO] (raptus-article-contentflow) This package is up to date.
[INFO] (raptus-article-contents) This package is up to date.
[INFO] (raptus-article-contentswitcher) This package is up to date.
[INFO] (raptus-article-core) This package is up to date.
[INFO] (raptus-article-default) This package is up to date.
[INFO] (raptus-article-discussion) This package is up to date.
[INFO] (raptus-article-fader) This package is up to date.
[INFO] (raptus-article-files) This package is up to date.
[INFO] (raptus-article-filtertable) This package is up to date.
[INFO] (raptus-article-flash) This package is up to date.
[INFO] (raptus-article-form) This package is up to date.
[INFO] (raptus-article-gallery) This package is up to date.
[INFO] (raptus-article-header) This package is up to date.
[INFO] (raptus-article-hidecolumns) This package is up to date.
[INFO] (raptus-article-images) This package is up to date.
[INFO] (raptus-article-imageslider) This package is up to date.
[INFO] (raptus-article-lightbox) This package is up to date.
[INFO] (raptus-article-lightboxgallery) This package is up to date.
[INFO] (raptus-article-links) This package is up to date.
[INFO] (raptus-article-listings) This package is up to date.
[INFO] (raptus-article-maps) This package is up to date.
[INFO] (raptus-article-media) This package is up to date.
[INFO] (raptus-article-mediagallery) This package is up to date.
[INFO] (raptus-article-multilanguagefields) This package is up to date.
[INFO] (raptus-article-nesting) This package is up to date.
[INFO] (raptus-article-parallax) This package is up to date.
[INFO] (raptus-article-person) This package is up to date.
[INFO] (raptus-article-randomcontent) This package is up to date.
[INFO] (raptus-article-randomimage) This package is up to date.
[INFO] (raptus-article-reference) This package is up to date.
[INFO] (raptus-article-slider) This package is up to date.
[INFO] (raptus-article-slideshow) This package is up to date.
[INFO] (raptus-article-supersized) This package is up to date.
[INFO] (raptus-article-table) This package is up to date.
[INFO] (raptus-article-teaseme) This package is up to date.
[INFO] (raptus-article-teaser) This package is up to date.
[INFO] (raptus-article-upload) This package is up to date.
[INFO] (raptus-autocompletewidget) This package is up to date.
[INFO] (raptus-backgroundsize) This package is up to date.
[INFO] (raptus-backlink) This package is up to date.
[INFO] (raptus-browsermessage) This package is up to date.
[INFO] (raptus-carousel) This package is up to date.
[INFO] (raptus-contentflow) This package is up to date.
[INFO] (raptus-contenttemplates) This package is up to date.
[ERROR] (raptus-deleteprotection) This package does not have downloadable releases.
[INFO] (raptus-easyslider) This package is up to date.
[INFO] (raptus-filesystemindex) This package is up to date.
[INFO] (raptus-googlemaps) This package is up to date.
[INFO] (raptus-header) This package is up to date.
[INFO] (raptus-headerfader) This package is up to date.
[INFO] (raptus-inlinelightbox) This package is up to date.
[ERROR] (raptus-joinnotification) This package does not have downloadable releases.
[ERROR] (raptus-keywordsuggestion) This package does not have downloadable releases.
[INFO] (raptus-mailchimp) This package is up to date.
[INFO] (raptus-mercurialstorage) This package is up to date.
[INFO] (raptus-multilanguageconstraint) This package is up to date.
[INFO] (raptus-multilanguagefields) This package is up to date.
[ERROR] (raptus-multilanguagepfg) Could not get a response from API for this package. See below for details.
Traceback (most recent call last):
  File "/usr/lib/python3.5/urllib/request.py", line 1254, in do_open
    h.request(req.get_method(), req.selector, req.data, headers)
  File "/usr/lib/python3.5/http/client.py", line 1107, in request
    self._send_request(method, url, body, headers)
  File "/usr/lib/python3.5/http/client.py", line 1152, in _send_request
    self.endheaders(body)
  File "/usr/lib/python3.5/http/client.py", line 1103, in endheaders
    self._send_output(message_body)
  File "/usr/lib/python3.5/http/client.py", line 934, in _send_output
    self.send(msg)
  File "/usr/lib/python3.5/http/client.py", line 877, in send
    self.connect()
  File "/usr/lib/python3.5/http/client.py", line 1253, in connect
    super().connect()
  File "/usr/lib/python3.5/http/client.py", line 849, in connect
    (self.host,self.port), self.timeout, self.source_address)
  File "/usr/lib/python3.5/socket.py", line 712, in create_connection
    raise err
  File "/usr/lib/python3.5/socket.py", line 703, in create_connection
    sock.connect(sa)
OSError: [Errno 99] Cannot assign requested address

During handling of the above exception, another exception occurred:

Traceback (most recent call last):
  File "/usr/local/lib/python3.5/dist-packages/pypicontents/api/pypi.py", line 264, in get_pkgdata
    timeout=10).read()
  File "/usr/lib/python3.5/urllib/request.py", line 163, in urlopen
    return opener.open(url, data, timeout)
  File "/usr/lib/python3.5/urllib/request.py", line 466, in open
    response = self._open(req, data)
  File "/usr/lib/python3.5/urllib/request.py", line 484, in _open
    '_open', req)
  File "/usr/lib/python3.5/urllib/request.py", line 444, in _call_chain
    result = func(*args)
  File "/usr/lib/python3.5/urllib/request.py", line 1297, in https_open
    context=self._context, check_hostname=self._check_hostname)
  File "/usr/lib/python3.5/urllib/request.py", line 1256, in do_open
    raise URLError(err)
urllib.error.URLError: <urlopen error [Errno 99] Cannot assign requested address>

[INFO] (raptus-multilanguageplone) This package is up to date.
[INFO] (raptus-multilanguageurls) This package is up to date.
[INFO] (raptus-navexplorer) This package is up to date.
[INFO] (raptus-notification) This package is up to date.
[INFO] (raptus-person) This package is up to date.
[INFO] (raptus-pfg-tabs) This package is up to date.
[INFO] (raptus-portlet-multilanguage) This package is up to date.
[INFO] (raptus-princexml) This package is up to date.
[INFO] (raptus-recipe-torii) This package is up to date.
[ERROR] (raptus-regions) This package does not have downloadable releases.
[INFO] (raptus-rolefield) This package is up to date.
[INFO] (raptus-securelogin) This package is up to date.
[INFO] (raptus-showcase) This package is up to date.
[INFO] (raptus-supersized) This package is up to date.
[INFO] (raptus-torii) This package is up to date.
[INFO] (raptus-torii-ipython) This package is up to date.
[INFO] (raptus-torii-plone) This package is up to date.
[INFO] (raptus-touchswipe) This package is up to date.
[INFO] (raptus-workflownotification) This package is up to date.
[INFO] (raptus-workflownotificationtemplates) This package is up to date.
[ERROR] (rapu) This package does not have downloadable releases.
[INFO] (rapydcss) This package is up to date.
[ERROR] (rapyde) This package does not have downloadable releases.
[INFO] (rapydml) This package is up to date.
[INFO] (rapydo-controller) This package is up to date.
[INFO] (rapydo-develop) This package is up to date.
[INFO] (rapydo-http) This package is up to date.
[INFO] (rapydo-utils) This package is up to date.
[INFO] (rapydscript) This package is up to date.
[ERROR] (raq) This package does not have downloadable releases.
[INFO] (rar-password) This package is up to date.
[INFO] (rararox) This package is up to date.
[INFO] (rarbg) This package is up to date.
[INFO] (rarbgapi) This package is up to date.
[INFO] (raredecay) This package is up to date.
[INFO] (rarfile) This package is up to date.
[INFO] (ras-common-utils) This package is up to date.
[WARNING] 
[WARNING] Processing has taken more than 2100 seconds. Interrupting.
[WARNING] Processing will continue in next iteration.
[WARNING] 
[INFO] 
[INFO] 
[INFO] Total packages: 5452
[INFO]     Packages processed: 689
[INFO]         Packages updated: 1
[INFO]         Packages up-to-date: 642
[INFO]         Packages without response: 9
[INFO]         Packages without urls: 0
[INFO]         Packages without downloads: 31
[INFO]         Packages with data errors: 6
[INFO]     Packages not processed: 4763
[INFO] 
[INFO] 
[INFO] Ending execution.
