[INFO] Starting execution.
[INFO] Downloading package list from PyPI ...
[INFO] (w) This package is up to date.
[INFO] (w-i-l-l) This package is up to date.
[INFO] (w-nester) This package is up to date.
[INFO] (w1) This package is up to date.
[INFO] (w163) This package is up to date.
[INFO] (w1thermsensor) This package is up to date.
[ERROR] (w20e-buildoutskel) This package does not have downloadable releases.
[INFO] (w20e-forms) This package is up to date.
[INFO] (w20e-hitman) This package is up to date.
[INFO] (w20e-pycms) This package is up to date.
[INFO] (w20e-pycms-news) This package is up to date.
[ERROR] (w20e-pycms-sitemaker) This package does not have downloadable releases.
[INFO] (w20e-pyramidwsgi-recipe) This package is up to date.
[INFO] (w2m) This package is up to date.
[INFO] (w2ptemplate) This package is up to date.
[ERROR] (w3) This package does not have downloadable releases.
[INFO] (w3af-api-client) This package is up to date.
[INFO] (w3blog) This package is up to date.
[INFO] (w3c-validator) This package is up to date.
[INFO] (w3c-validator-cli) This package is up to date.
[INFO] (w3g) This package is up to date.
[INFO] (w3lib) This package is up to date.
[INFO] (w7x) This package is up to date.
[INFO] (w8m8) This package is up to date.
[INFO] (wa) This package is up to date.
[INFO] (wa-kat) This package is up to date.
[INFO] (wa0517) This package is up to date.
[INFO] (wa3) This package is up to date.
[INFO] (waapuro) This package is up to date.
[INFO] (wabbit-wappa) This package is up to date.
[INFO] (wabclient) This package is up to date.
[INFO] (waboxapp) This package is up to date.
[INFO] (wac) This package is up to date.
[INFO] (wachtwoord) This package is up to date.
[INFO] (wad) This package is up to date.
[ERROR] (wadcomblog) This package does not have downloadable releases.
[INFO] (wade) This package is up to date.
[INFO] (wadeqin-nestor) This package is up to date.
[INFO] (wadibyte) This package is up to date.
[INFO] (wadl2swagger) This package is up to date.
[INFO] (wadllib) This package is up to date.
[ERROR] (wadofstuff-django-forms) Could not extract data from this package. See below for details.
"http://wadofstuff.googlecode.com/files/wadofstuff-django-forms-1.1.0.tar.gz" file could not be downloaded. See below for details.
Traceback (most recent call last):
  File "/usr/local/lib/python3.5/dist-packages/pypicontents/api/pypi.py", line 107, in download_tar
    f.write(urlopen(url=urlesc(pkgurl), timeout=10).read())
  File "/usr/lib/python3.5/urllib/request.py", line 163, in urlopen
    return opener.open(url, data, timeout)
  File "/usr/lib/python3.5/urllib/request.py", line 472, in open
    response = meth(req, response)
  File "/usr/lib/python3.5/urllib/request.py", line 582, in http_response
    'http', request, response, code, msg, hdrs)
  File "/usr/lib/python3.5/urllib/request.py", line 510, in error
    return self._call_chain(*args)
  File "/usr/lib/python3.5/urllib/request.py", line 444, in _call_chain
    result = func(*args)
  File "/usr/lib/python3.5/urllib/request.py", line 590, in http_error_default
    raise HTTPError(req.full_url, code, msg, hdrs, fp)
urllib.error.HTTPError: HTTP Error 404: Not Found

[INFO] (wadofstuff-django-serializers) This package is up to date.
[INFO] (wadofstuff-django-serializers-op) This package is up to date.
[ERROR] (wadofstuff-django-views) Could not extract data from this package. See below for details.
"http://wadofstuff.googlecode.com/files/wadofstuff-django-views-1.0.1.tar.gz" file could not be downloaded. See below for details.
Traceback (most recent call last):
  File "/usr/local/lib/python3.5/dist-packages/pypicontents/api/pypi.py", line 107, in download_tar
    f.write(urlopen(url=urlesc(pkgurl), timeout=10).read())
  File "/usr/lib/python3.5/urllib/request.py", line 163, in urlopen
    return opener.open(url, data, timeout)
  File "/usr/lib/python3.5/urllib/request.py", line 472, in open
    response = meth(req, response)
  File "/usr/lib/python3.5/urllib/request.py", line 582, in http_response
    'http', request, response, code, msg, hdrs)
  File "/usr/lib/python3.5/urllib/request.py", line 510, in error
    return self._call_chain(*args)
  File "/usr/lib/python3.5/urllib/request.py", line 444, in _call_chain
    result = func(*args)
  File "/usr/lib/python3.5/urllib/request.py", line 590, in http_error_default
    raise HTTPError(req.full_url, code, msg, hdrs, fp)
urllib.error.HTTPError: HTTP Error 404: Not Found

[ERROR] (wadofstuff-ip) Could not extract data from this package. See below for details.
"http://wadofstuff.googlecode.com/files/wadofstuff-ip-1.0.0.tar.gz" file could not be downloaded. See below for details.
Traceback (most recent call last):
  File "/usr/lib/python3.5/urllib/request.py", line 1254, in do_open
    h.request(req.get_method(), req.selector, req.data, headers)
  File "/usr/lib/python3.5/http/client.py", line 1107, in request
    self._send_request(method, url, body, headers)
  File "/usr/lib/python3.5/http/client.py", line 1152, in _send_request
    self.endheaders(body)
  File "/usr/lib/python3.5/http/client.py", line 1103, in endheaders
    self._send_output(message_body)
  File "/usr/lib/python3.5/http/client.py", line 934, in _send_output
    self.send(msg)
  File "/usr/lib/python3.5/http/client.py", line 877, in send
    self.connect()
  File "/usr/lib/python3.5/http/client.py", line 849, in connect
    (self.host,self.port), self.timeout, self.source_address)
  File "/usr/lib/python3.5/socket.py", line 712, in create_connection
    raise err
  File "/usr/lib/python3.5/socket.py", line 703, in create_connection
    sock.connect(sa)
OSError: [Errno 99] Cannot assign requested address

During handling of the above exception, another exception occurred:

Traceback (most recent call last):
  File "/usr/local/lib/python3.5/dist-packages/pypicontents/api/pypi.py", line 107, in download_tar
    f.write(urlopen(url=urlesc(pkgurl), timeout=10).read())
  File "/usr/lib/python3.5/urllib/request.py", line 163, in urlopen
    return opener.open(url, data, timeout)
  File "/usr/lib/python3.5/urllib/request.py", line 466, in open
    response = self._open(req, data)
  File "/usr/lib/python3.5/urllib/request.py", line 484, in _open
    '_open', req)
  File "/usr/lib/python3.5/urllib/request.py", line 444, in _call_chain
    result = func(*args)
  File "/usr/lib/python3.5/urllib/request.py", line 1282, in http_open
    return self.do_open(http.client.HTTPConnection, req)
  File "/usr/lib/python3.5/urllib/request.py", line 1256, in do_open
    raise URLError(err)
urllib.error.URLError: <urlopen error [Errno 99] Cannot assign requested address>

[INFO] (wadsworth) This package is up to date.
[INFO] (wadus) This package is up to date.
[INFO] (wae) This package is up to date.
[INFO] (waechter) This package is up to date.
[INFO] (waelstow) This package is up to date.
[INFO] (waeup-kofa) This package is up to date.
[INFO] (waeup-sphinx-autodoc) This package is up to date.
[INFO] (waf-brain) This package is up to date.
[INFO] (wafer) This package is up to date.
[INFO] (wafer-map) This package is up to date.
[INFO] (wafer-thin-mint) This package is up to date.
[INFO] (waferslim) This package is up to date.
[INFO] (waffle) This package is up to date.
[INFO] (wafflehaus) This package is up to date.
[INFO] (wafflehaus-iweb) This package is up to date.
[INFO] (wafflehaus-neutron) This package is up to date.
[INFO] (wafflehaus-nova) This package is up to date.
[INFO] (wafo) This package is up to date.
[INFO] (wafoo) This package is up to date.
[INFO] (waftools) This package is up to date.
[INFO] (wafw00f) This package is up to date.
[INFO] (wag) This package is up to date.
[INFO] (wagalytics) This package is up to date.
[INFO] (wagent) This package is up to date.
[INFO] (waggle) This package is up to date.
[INFO] (wagon) This package is up to date.
[INFO] (wagoner) This package is up to date.
[INFO] (wagtail) This package is up to date.
[INFO] (wagtail-2fa) This package is up to date.
[INFO] (wagtail-accessibility) This package is up to date.
[INFO] (wagtail-app-pages) This package is up to date.
[INFO] (wagtail-asciinema) This package is up to date.
[INFO] (wagtail-audit-trail) This package is up to date.
[INFO] (wagtail-autocomplete) This package is up to date.
[ERROR] (wagtail-autofixtures) This package does not have downloadable releases.
[INFO] (wagtail-bakery) This package is up to date.
[INFO] (wagtail-blog) This package is up to date.
[INFO] (wagtail-blog-app) This package is up to date.
[INFO] (wagtail-calendar) This package is up to date.
[ERROR] (wagtail-carousel) This package does not have downloadable releases.
[INFO] (wagtail-charcount) This package is up to date.
[INFO] (wagtail-comments-xtd) This package is up to date.
[INFO] (wagtail-condensedinlinepanel) This package is up to date.
[INFO] (wagtail-constance) This package is up to date.
[ERROR] (wagtail-daterange) Could not get a response from API for this package. See below for details.
Traceback (most recent call last):
  File "/usr/local/lib/python3.5/dist-packages/pypicontents/api/pypi.py", line 264, in get_pkgdata
    timeout=10).read()
  File "/usr/lib/python3.5/urllib/request.py", line 163, in urlopen
    return opener.open(url, data, timeout)
  File "/usr/lib/python3.5/urllib/request.py", line 472, in open
    response = meth(req, response)
  File "/usr/lib/python3.5/urllib/request.py", line 582, in http_response
    'http', request, response, code, msg, hdrs)
  File "/usr/lib/python3.5/urllib/request.py", line 510, in error
    return self._call_chain(*args)
  File "/usr/lib/python3.5/urllib/request.py", line 444, in _call_chain
    result = func(*args)
  File "/usr/lib/python3.5/urllib/request.py", line 590, in http_error_default
    raise HTTPError(req.full_url, code, msg, hdrs, fp)
urllib.error.HTTPError: HTTP Error 404: Not Found

[INFO] (wagtail-django-recaptcha) This package is up to date.
[INFO] (wagtail-download-counter) This package is up to date.
[INFO] (wagtail-draftail-katex) This package is up to date.
[INFO] (wagtail-draftail-plugins) This package is up to date.
[INFO] (wagtail-easy-thumbnails) This package is up to date.
[INFO] (wagtail-embed-videos) This package is up to date.
[INFO] (wagtail-experiments) This package is up to date.
[INFO] (wagtail-extras) This package is up to date.
[INFO] (wagtail-factories) This package is up to date.
[ERROR] (wagtail-fido-u2f) This package does not have downloadable releases.
[INFO] (wagtail-flags) This package is up to date.
[INFO] (wagtail-global-settings) This package is up to date.
[INFO] (wagtail-hallo-plugins) This package is up to date.
[INFO] (wagtail-import-export) This package is up to date.
[INFO] (wagtail-inventory) This package is up to date.
[INFO] (wagtail-jinja2) This package is up to date.
[INFO] (wagtail-jsonschema-forms) This package is up to date.
[INFO] (wagtail-lightadmin) This package is up to date.
[INFO] (wagtail-linkchecker) This package is up to date.
[INFO] (wagtail-links) This package is up to date.
[INFO] (wagtail-markdown) This package is up to date.
[INFO] (wagtail-materializecss) This package is up to date.
[INFO] (wagtail-metadata) This package is up to date.
[INFO] (wagtail-metadata-mixin) This package is up to date.
[INFO] (wagtail-model-tools) This package is up to date.
[ERROR] (wagtail-model-utils) This package does not have downloadable releases.
[INFO] (wagtail-modelchooser) This package is up to date.
[INFO] (wagtail-modelchooser-1-13-1) This package is up to date.
[INFO] (wagtail-modeltranslation) This package is up to date.
[INFO] (wagtail-mvc) This package is up to date.
[INFO] (wagtail-nav-menus) This package is up to date.
[INFO] (wagtail-nesting-box) This package is up to date.
[INFO] (wagtail-paginated-subpages) This package is up to date.
[INFO] (wagtail-peregrine) This package is up to date.
[INFO] (wagtail-personalisation) This package is up to date.
[INFO] (wagtail-personalisation-molo) This package is up to date.
[INFO] (wagtail-pg-search-backend) This package is up to date.
[INFO] (wagtail-polls) This package is up to date.
[ERROR] (wagtail-readability) This package does not have downloadable releases.
[INFO] (wagtail-readinglevel) This package is up to date.
[INFO] (wagtail-readingtime) This package is up to date.
[ERROR] (wagtail-redactor) This package does not have downloadable releases.
[INFO] (wagtail-related) This package is up to date.
[INFO] (wagtail-robots) This package is up to date.
[INFO] (wagtail-schema-org) This package is up to date.
[INFO] (wagtail-sendinblue) This package is up to date.
[INFO] (wagtail-sentiment) This package is up to date.
[INFO] (wagtail-sharing) This package is up to date.
[INFO] (wagtail-simple-demo) This package is up to date.
[INFO] (wagtail-simple-gallery) This package is up to date.
[INFO] (wagtail-simple-math-captcha) This package is up to date.
[INFO] (wagtail-smart-selects) This package is up to date.
[INFO] (wagtail-smartstream) This package is up to date.
[INFO] (wagtail-speech) This package is up to date.
[INFO] (wagtail-stacks) This package is up to date.
[INFO] (wagtail-stacks-embed) This package is up to date.
[INFO] (wagtail-stacks-featuredlink) This package is up to date.
[INFO] (wagtail-stacks-image) This package is up to date.
[INFO] (wagtail-streamfieldtools) This package is up to date.
[INFO] (wagtail-table-block) This package is up to date.
[INFO] (wagtail-tag-manager) Data has been updated for this package.
[INFO] (wagtail-textract) This package is up to date.
[INFO] (wagtail-themes) This package is up to date.
[INFO] (wagtail-treemodeladmin) This package is up to date.
[INFO] (wagtail-uplift) This package is up to date.
[INFO] (wagtail-utphy-richdocument) This package is up to date.
[INFO] (wagtail1-13-1-modelchooser) This package is up to date.
[INFO] (wagtailadminintercom) This package is up to date.
[INFO] (wagtailaltgenerator) This package is up to date.
[INFO] (wagtailannotatedimage) This package is up to date.
[ERROR] (wagtailapi) This package does not have downloadable releases.
[INFO] (wagtailapi-legacy) This package is up to date.
[ERROR] (wagtailapiclient) This package does not have downloadable releases.
[INFO] (wagtailapproval) This package is up to date.
[INFO] (wagtailatomicadmin) This package is up to date.
[INFO] (wagtailbettereditor) This package is up to date.
[INFO] (wagtailblocks-cards) This package is up to date.
[INFO] (wagtailbookmarklet) This package is up to date.
[INFO] (wagtailclearstream) This package is up to date.
[INFO] (wagtailcodeblock) This package is up to date.
[INFO] (wagtailcolourpicker) This package is up to date.
[INFO] (wagtailcolumnblocks) This package is up to date.
[INFO] (wagtailcomments) This package is up to date.
[INFO] (wagtailcomments-xtd) This package is up to date.
[INFO] (wagtailcommonblocks) This package is up to date.
[INFO] (wagtailcontentstream) This package is up to date.
[INFO] (wagtaildependencies) This package is up to date.
[INFO] (wagtaildocs-previews) This package is up to date.
[INFO] (wagtaildraftail) This package is up to date.
[INFO] (wagtailembedder) This package is up to date.
[INFO] (wagtailemoji) This package is up to date.
[INFO] (wagtailenforcer) This package is up to date.
[INFO] (wagtailerrorpages) This package is up to date.
[INFO] (wagtailextras) This package is up to date.
[INFO] (wagtailfacelift) This package is up to date.
[INFO] (wagtailfontawesome) This package is up to date.
[INFO] (wagtailformblocks) This package is up to date.
[INFO] (wagtailforums) This package is up to date.
[INFO] (wagtailfroala) This package is up to date.
[INFO] (wagtailgeowidget) This package is up to date.
[INFO] (wagtailgmaps) This package is up to date.
[INFO] (wagtailgridder) This package is up to date.
[INFO] (wagtailhavetheabilitytoactuallyseefieldsintheadmin) This package is up to date.
[INFO] (wagtailimporter) This package is up to date.
[INFO] (wagtailinvoices) This package is up to date.
[INFO] (wagtailmarkdownblock) This package is up to date.
[INFO] (wagtailmath) This package is up to date.
[INFO] (wagtailmedia) This package is up to date.
[INFO] (wagtailmenus) This package is up to date.
[INFO] (wagtailmodeladmin) This package is up to date.
[INFO] (wagtailmodelchooser) This package is up to date.
[INFO] (wagtailmodelchoosers) This package is up to date.
[INFO] (wagtailnest) This package is up to date.
[INFO] (wagtailnews) This package is up to date.
[INFO] (wagtailnews-collection) This package is up to date.
[INFO] (wagtailosm) This package is up to date.
[INFO] (wagtailplus) This package is up to date.
[INFO] (wagtailpolls) This package is up to date.
[INFO] (wagtailsettings) This package is up to date.
[INFO] (wagtailsnippetscopy) This package is up to date.
[INFO] (wagtailsocialfeed) This package is up to date.
[INFO] (wagtailstartproject) This package is up to date.
[INFO] (wagtailstreamforms) This package is up to date.
[INFO] (wagtailsurveys) This package is up to date.
[INFO] (wagtailsweetcaptcha) This package is up to date.
[INFO] (wagtailsystemtext) This package is up to date.
[INFO] (wagtailtestutils) This package is up to date.
[INFO] (wagtailtinymce) This package is up to date.
[INFO] (wagtailtrans) This package is up to date.
[INFO] (wagtailtranslations) This package is up to date.
[INFO] (wagtailvideos) This package is up to date.
[ERROR] (wah-cade) Could not extract data from this package. See below for details.
"http://www.anti-particle.com/projects/wahcade/wahcade-0.19.tar.gz" file could not be downloaded. See below for details.
Traceback (most recent call last):
  File "/usr/local/lib/python3.5/dist-packages/pypicontents/api/pypi.py", line 107, in download_tar
    f.write(urlopen(url=urlesc(pkgurl), timeout=10).read())
  File "/usr/lib/python3.5/urllib/request.py", line 163, in urlopen
    return opener.open(url, data, timeout)
  File "/usr/lib/python3.5/urllib/request.py", line 472, in open
    response = meth(req, response)
  File "/usr/lib/python3.5/urllib/request.py", line 582, in http_response
    'http', request, response, code, msg, hdrs)
  File "/usr/lib/python3.5/urllib/request.py", line 510, in error
    return self._call_chain(*args)
  File "/usr/lib/python3.5/urllib/request.py", line 444, in _call_chain
    result = func(*args)
  File "/usr/lib/python3.5/urllib/request.py", line 590, in http_error_default
    raise HTTPError(req.full_url, code, msg, hdrs, fp)
urllib.error.HTTPError: HTTP Error 404: Not Found

[ERROR] (wahji) Could not get a response from API for this package. See below for details.
Traceback (most recent call last):
  File "/usr/local/lib/python3.5/dist-packages/pypicontents/api/pypi.py", line 264, in get_pkgdata
    timeout=10).read()
  File "/usr/lib/python3.5/urllib/request.py", line 163, in urlopen
    return opener.open(url, data, timeout)
  File "/usr/lib/python3.5/urllib/request.py", line 472, in open
    response = meth(req, response)
  File "/usr/lib/python3.5/urllib/request.py", line 582, in http_response
    'http', request, response, code, msg, hdrs)
  File "/usr/lib/python3.5/urllib/request.py", line 510, in error
    return self._call_chain(*args)
  File "/usr/lib/python3.5/urllib/request.py", line 444, in _call_chain
    result = func(*args)
  File "/usr/lib/python3.5/urllib/request.py", line 590, in http_error_default
    raise HTTPError(req.full_url, code, msg, hdrs, fp)
urllib.error.HTTPError: HTTP Error 404: Not Found

[INFO] (wahlrecht) This package is up to date.
[ERROR] (wai) Could not get a response from API for this package. See below for details.
Traceback (most recent call last):
  File "/usr/local/lib/python3.5/dist-packages/pypicontents/api/pypi.py", line 264, in get_pkgdata
    timeout=10).read()
  File "/usr/lib/python3.5/urllib/request.py", line 163, in urlopen
    return opener.open(url, data, timeout)
  File "/usr/lib/python3.5/urllib/request.py", line 472, in open
    response = meth(req, response)
  File "/usr/lib/python3.5/urllib/request.py", line 582, in http_response
    'http', request, response, code, msg, hdrs)
  File "/usr/lib/python3.5/urllib/request.py", line 510, in error
    return self._call_chain(*args)
  File "/usr/lib/python3.5/urllib/request.py", line 444, in _call_chain
    result = func(*args)
  File "/usr/lib/python3.5/urllib/request.py", line 590, in http_error_default
    raise HTTPError(req.full_url, code, msg, hdrs, fp)
urllib.error.HTTPError: HTTP Error 404: Not Found

[INFO] (waifu-cli) This package is up to date.
[INFO] (waipy) This package is up to date.
[INFO] (wait) This package is up to date.
[INFO] (wait-for) This package is up to date.
[INFO] (wait-for-port) This package is up to date.
[INFO] (wait-ios-serial) This package is up to date.
[INFO] (wait-response) This package is up to date.
[INFO] (waiter) This package is up to date.
[INFO] (waiterdb) This package is up to date.
[INFO] (waitforit) This package is up to date.
[INFO] (waitgpu) This package is up to date.
[INFO] (waiting) This package is up to date.
[INFO] (waitperson) This package is up to date.
[INFO] (waitredis) This package is up to date.
[INFO] (waitress) This package is up to date.
[INFO] (waity) This package is up to date.
[INFO] (waitz-s3-api) This package is up to date.
[INFO] (waiverdb) This package is up to date.
[INFO] (wajiwaji) This package is up to date.
[INFO] (wakadump) This package is up to date.
[INFO] (wakati) This package is up to date.
[INFO] (wakatime) This package is up to date.
[INFO] (wake) This package is up to date.
[INFO] (wake-assets) This package is up to date.
[INFO] (wakeonlan) This package is up to date.
[INFO] (wakeywakey) This package is up to date.
[ERROR] (wal) This package does not have downloadable releases.
[INFO] (wal-e) This package is up to date.
[INFO] (wal-steam) This package is up to date.
[INFO] (waldo) This package is up to date.
[INFO] (waldur-ansible) This package is up to date.
[INFO] (waldur-auth-openid) This package is up to date.
[INFO] (waldur-auth-saml2) This package is up to date.
[INFO] (waldur-auth-social) This package is up to date.
[INFO] (waldur-auth-valimo) This package is up to date.
[INFO] (waldur-aws) This package is up to date.
[INFO] (waldur-azure) This package is up to date.
[INFO] (waldur-core) This package is up to date.
[INFO] (waldur-cost-planning) This package is up to date.
[INFO] (waldur-digitalocean) This package is up to date.
[INFO] (waldur-freeipa) This package is up to date.
[INFO] (waldur-jira) This package is up to date.
[INFO] (waldur-mastermind) Data has been updated for this package.
[INFO] (waldur-openstack) This package is up to date.
[INFO] (waldur-paypal) This package is up to date.
[INFO] (waldur-slurm) This package is up to date.
[INFO] (waldur-zabbix) This package is up to date.
[INFO] (wales) This package is up to date.
[INFO] (waliki) This package is up to date.
[INFO] (walkabout) This package is up to date.
[INFO] (walkcompare) This package is up to date.
[INFO] (walkdict) This package is up to date.
[INFO] (walkdir) This package is up to date.
[INFO] (walker) This package is up to date.
[ERROR] (walkframe) This package does not have downloadable releases.
[INFO] (walkingcode) This package is up to date.
[INFO] (walkingliberty) This package is up to date.
[INFO] (walkscore-api-binding) This package is up to date.
[INFO] (walkscore-frontend) This package is up to date.
[ERROR] (wall) This package does not have downloadable releases.
[INFO] (wall-e) This package is up to date.
[INFO] (wall-timeout) This package is up to date.
[INFO] (wallabag-api) This package is up to date.
[INFO] (wallaby) This package is up to date.
[INFO] (wallaby-app-crm) This package is up to date.
[INFO] (wallaby-app-inspector) This package is up to date.
[INFO] (wallaby-backend-couchdb) This package is up to date.
[INFO] (wallaby-backend-elasticsearch) This package is up to date.
[INFO] (wallaby-backend-http) This package is up to date.
[INFO] (wallaby-base) This package is up to date.
[INFO] (wallaby-frontend-qt) This package is up to date.
[INFO] (wallaby-plugin-couchdb) This package is up to date.
[INFO] (wallaby-plugin-elasticsearch) This package is up to date.
[INFO] (wallaby-plugin-pdfgenerator) This package is up to date.
[INFO] (wallace) This package is up to date.
[ERROR] (wallace-app) This package does not have downloadable releases.
[ERROR] (wallace-platform) This package does not have downloadable releases.
[INFO] (wallall) This package is up to date.
[INFO] (wallapopy) This package is up to date.
[INFO] (wallclock) This package is up to date.
[ERROR] (walle-pyzmq) Could not get a response from API for this package. See below for details.
Traceback (most recent call last):
  File "/usr/local/lib/python3.5/dist-packages/pypicontents/api/pypi.py", line 264, in get_pkgdata
    timeout=10).read()
  File "/usr/lib/python3.5/urllib/request.py", line 163, in urlopen
    return opener.open(url, data, timeout)
  File "/usr/lib/python3.5/urllib/request.py", line 472, in open
    response = meth(req, response)
  File "/usr/lib/python3.5/urllib/request.py", line 582, in http_response
    'http', request, response, code, msg, hdrs)
  File "/usr/lib/python3.5/urllib/request.py", line 504, in error
    result = self._call_chain(*args)
  File "/usr/lib/python3.5/urllib/request.py", line 444, in _call_chain
    result = func(*args)
  File "/usr/lib/python3.5/urllib/request.py", line 696, in http_error_302
    return self.parent.open(new, timeout=req.timeout)
  File "/usr/lib/python3.5/urllib/request.py", line 472, in open
    response = meth(req, response)
  File "/usr/lib/python3.5/urllib/request.py", line 582, in http_response
    'http', request, response, code, msg, hdrs)
  File "/usr/lib/python3.5/urllib/request.py", line 510, in error
    return self._call_chain(*args)
  File "/usr/lib/python3.5/urllib/request.py", line 444, in _call_chain
    result = func(*args)
  File "/usr/lib/python3.5/urllib/request.py", line 590, in http_error_default
    raise HTTPError(req.full_url, code, msg, hdrs, fp)
urllib.error.HTTPError: HTTP Error 404: Not Found

[INFO] (walleclient) This package is up to date.
[ERROR] (wallet) This package does not have downloadable releases.
[INFO] (wallet-parser) This package is up to date.
[INFO] (wallet-py3k) This package is up to date.
[INFO] (walletkit) This package is up to date.
[INFO] (wallp) This package is up to date.
[INFO] (wallpaper) This package is up to date.
[ERROR] (wallpaper-changer) This package does not have downloadable releases.
[INFO] (wallpaperentropy) This package is up to date.
[INFO] (wallpaperkiller) This package is up to date.
[INFO] (wallpaperoptimizer) This package is up to date.
[INFO] (wallpyper) This package is up to date.
[INFO] (walls) This package is up to date.
[INFO] (wallstreet) This package is up to date.
[INFO] (walltask) This package is up to date.
[INFO] (wallthick) This package is up to date.
[INFO] (wally) This package is up to date.
[INFO] (wallypractice) This package is up to date.
[ERROR] (walmart) This package does not have downloadable releases.
[INFO] (walmart-api-client) This package is up to date.
[INFO] (walmart-calendar) This package is up to date.
[INFO] (walmart-reviews) This package is up to date.
[INFO] (walnut) This package is up to date.
[INFO] (walrus) This package is up to date.
[INFO] (walscript) This package is up to date.
[INFO] (walt) This package is up to date.
[INFO] (walt-client) This package is up to date.
[ERROR] (walt-client-selector) This package does not have downloadable releases.
[INFO] (walt-common) This package is up to date.
[INFO] (walt-node) This package is up to date.
[ERROR] (walt-node-selector) This package does not have downloadable releases.
[INFO] (walt-server) This package is up to date.
[INFO] (walter) This package is up to date.
[INFO] (walton) This package is up to date.
[INFO] (waltz) This package is up to date.
[INFO] (waluigi) This package is up to date.
[INFO] (wammu) This package is up to date.
[INFO] (wamp-connection) This package is up to date.
[INFO] (wamptest) This package is up to date.
[INFO] (wampy) This package is up to date.
[INFO] (wampyre) This package is up to date.
[INFO] (wanabrain) This package is up to date.
[INFO] (wanakana) This package is up to date.
[INFO] (wand) This package is up to date.
[INFO] (wandb) This package is up to date.
[INFO] (wandb-testing) This package is up to date.
[INFO] (wanderer) This package is up to date.
[ERROR] (wanderer-test) Could not get a response from API for this package. See below for details.
Traceback (most recent call last):
  File "/usr/local/lib/python3.5/dist-packages/pypicontents/api/pypi.py", line 264, in get_pkgdata
    timeout=10).read()
  File "/usr/lib/python3.5/urllib/request.py", line 163, in urlopen
    return opener.open(url, data, timeout)
  File "/usr/lib/python3.5/urllib/request.py", line 472, in open
    response = meth(req, response)
  File "/usr/lib/python3.5/urllib/request.py", line 582, in http_response
    'http', request, response, code, msg, hdrs)
  File "/usr/lib/python3.5/urllib/request.py", line 504, in error
    result = self._call_chain(*args)
  File "/usr/lib/python3.5/urllib/request.py", line 444, in _call_chain
    result = func(*args)
  File "/usr/lib/python3.5/urllib/request.py", line 696, in http_error_302
    return self.parent.open(new, timeout=req.timeout)
  File "/usr/lib/python3.5/urllib/request.py", line 472, in open
    response = meth(req, response)
  File "/usr/lib/python3.5/urllib/request.py", line 582, in http_response
    'http', request, response, code, msg, hdrs)
  File "/usr/lib/python3.5/urllib/request.py", line 510, in error
    return self._call_chain(*args)
  File "/usr/lib/python3.5/urllib/request.py", line 444, in _call_chain
    result = func(*args)
  File "/usr/lib/python3.5/urllib/request.py", line 590, in http_error_default
    raise HTTPError(req.full_url, code, msg, hdrs, fp)
urllib.error.HTTPError: HTTP Error 404: Not Found

[INFO] (wanderlust) This package is up to date.
[INFO] (wandex) This package is up to date.
[INFO] (wando-server) This package is up to date.
[INFO] (wang) This package is up to date.
[INFO] (wang-nest) This package is up to date.
[INFO] (wanghuanranmyfun89757) This package is up to date.
[INFO] (wangtec) This package is up to date.
[INFO] (wanguangqi) This package is up to date.
[INFO] (wangzai-nester) This package is up to date.
[INFO] (wanikani) This package is up to date.
[INFO] (wanikanitools) This package is up to date.
[INFO] (wanish) This package is up to date.
[INFO] (wanjun) This package is up to date.
[INFO] (wanna-transfer) This package is up to date.
[INFO] (wanplusapi) This package is up to date.
[INFO] (want) This package is up to date.
[INFO] (wantao) This package is up to date.
[ERROR] (wapi) Could not get a response from API for this package. See below for details.
Traceback (most recent call last):
  File "/usr/local/lib/python3.5/dist-packages/pypicontents/api/pypi.py", line 264, in get_pkgdata
    timeout=10).read()
  File "/usr/lib/python3.5/urllib/request.py", line 163, in urlopen
    return opener.open(url, data, timeout)
  File "/usr/lib/python3.5/urllib/request.py", line 472, in open
    response = meth(req, response)
  File "/usr/lib/python3.5/urllib/request.py", line 582, in http_response
    'http', request, response, code, msg, hdrs)
  File "/usr/lib/python3.5/urllib/request.py", line 510, in error
    return self._call_chain(*args)
  File "/usr/lib/python3.5/urllib/request.py", line 444, in _call_chain
    result = func(*args)
  File "/usr/lib/python3.5/urllib/request.py", line 590, in http_error_default
    raise HTTPError(req.full_url, code, msg, hdrs, fp)
urllib.error.HTTPError: HTTP Error 404: Not Found

[INFO] (wapipelines) This package is up to date.
[INFO] (wapiti) This package is up to date.
[INFO] (wapiti3) This package is up to date.
[INFO] (waple) This package is up to date.
[INFO] (wappalyzer) This package is up to date.
[INFO] (wappalyzer-python) This package is up to date.
[INFO] (wappium-python-client) This package is up to date.
[INFO] (wapps) This package is up to date.
[INFO] (wapy) This package is up to date.
[INFO] (waqiasync) This package is up to date.
[INFO] (war2maff) This package is up to date.
[INFO] (warapidpro) This package is up to date.
[INFO] (warble) This package is up to date.
[INFO] (warc) This package is up to date.
[INFO] (warc3-wet) This package is up to date.
[INFO] (warcat) This package is up to date.
[INFO] (warcio) This package is up to date.
[INFO] (warcit) This package is up to date.
[INFO] (warcprox) This package is up to date.
[INFO] (warcreader) This package is up to date.
[INFO] (warcsigner) This package is up to date.
[INFO] (warctools) This package is up to date.
[INFO] (ward-metrics) This package is up to date.
[INFO] (warden) This package is up to date.
[INFO] (wardrobe) This package is up to date.
[ERROR] (warehaus) This package does not have downloadable releases.
[ERROR] (warehouse) Could not get a response from API for this package. See below for details.
Traceback (most recent call last):
  File "/usr/local/lib/python3.5/dist-packages/pypicontents/api/pypi.py", line 264, in get_pkgdata
    timeout=10).read()
  File "/usr/lib/python3.5/urllib/request.py", line 163, in urlopen
    return opener.open(url, data, timeout)
  File "/usr/lib/python3.5/urllib/request.py", line 472, in open
    response = meth(req, response)
  File "/usr/lib/python3.5/urllib/request.py", line 582, in http_response
    'http', request, response, code, msg, hdrs)
  File "/usr/lib/python3.5/urllib/request.py", line 510, in error
    return self._call_chain(*args)
  File "/usr/lib/python3.5/urllib/request.py", line 444, in _call_chain
    result = func(*args)
  File "/usr/lib/python3.5/urllib/request.py", line 590, in http_error_default
    raise HTTPError(req.full_url, code, msg, hdrs, fp)
urllib.error.HTTPError: HTTP Error 404: Not Found

[INFO] (wareweb) This package is up to date.
[ERROR] (warf) Could not get a response from API for this package. See below for details.
Traceback (most recent call last):
  File "/usr/local/lib/python3.5/dist-packages/pypicontents/api/pypi.py", line 264, in get_pkgdata
    timeout=10).read()
  File "/usr/lib/python3.5/urllib/request.py", line 163, in urlopen
    return opener.open(url, data, timeout)
  File "/usr/lib/python3.5/urllib/request.py", line 472, in open
    response = meth(req, response)
  File "/usr/lib/python3.5/urllib/request.py", line 582, in http_response
    'http', request, response, code, msg, hdrs)
  File "/usr/lib/python3.5/urllib/request.py", line 510, in error
    return self._call_chain(*args)
  File "/usr/lib/python3.5/urllib/request.py", line 444, in _call_chain
    result = func(*args)
  File "/usr/lib/python3.5/urllib/request.py", line 590, in http_error_default
    raise HTTPError(req.full_url, code, msg, hdrs, fp)
urllib.error.HTTPError: HTTP Error 404: Not Found

[INFO] (warframe-alerts-rss) This package is up to date.
[INFO] (wargame) This package is up to date.
[INFO] (wargaming) This package is up to date.
[INFO] (wargs) This package is up to date.
[INFO] (warhound) This package is up to date.
[INFO] (warlock) This package is up to date.
[INFO] (warm) This package is up to date.
[ERROR] (warmap) This package does not have downloadable releases.
[ERROR] (warmap-core) This package does not have downloadable releases.
[ERROR] (warmap-tm) This package does not have downloadable releases.
[INFO] (warmongo) This package is up to date.
[INFO] (warn) This package is up to date.
[INFO] (warningpipe) This package is up to date.
[INFO] (warnings-plugin) This package is up to date.
[INFO] (warnup) This package is up to date.
[INFO] (warouter) This package is up to date.
[INFO] (warp) This package is up to date.
[INFO] (warp-prism) This package is up to date.
[INFO] (warp-proxy) This package is up to date.
[INFO] (warp10client) This package is up to date.
[INFO] (warp2) This package is up to date.
[INFO] (warpdrive) This package is up to date.
[INFO] (warped) This package is up to date.
[INFO] (warpedlmm) This package is up to date.
[INFO] (warport) This package is up to date.
[INFO] (warrant) This package is up to date.
[INFO] (warrant-ext) This package is up to date.
[INFO] (warrant-lite) This package is up to date.
[ERROR] (warrapi) This package does not have downloadable releases.
[INFO] (warren) This package is up to date.
[INFO] (warrior-pytho-2) This package is up to date.
[INFO] (warrior-pytho-3) This package is up to date.
[INFO] (warriors) This package is up to date.
[INFO] (warthog) This package is up to date.
[INFO] (warwick) This package is up to date.
[INFO] (wasabi-geom) This package is up to date.
[INFO] (wasabi-lepton) This package is up to date.
[INFO] (wasabi-physics) This package is up to date.
[INFO] (wasabi-scenegraph) This package is up to date.
[INFO] (wasanbon) This package is up to date.
[INFO] (wasatchusb) This package is up to date.
[ERROR] (wasecatools) This package does not have downloadable releases.
[INFO] (wasgehtengine-contenttypes) This package is up to date.
[INFO] (wasgehtengine-import) This package is up to date.
[INFO] (wasgehtengine-policy) This package is up to date.
[INFO] (wash) This package is up to date.
[INFO] (washer) This package is up to date.
[INFO] (washi) This package is up to date.
[ERROR] (washington) This package does not have downloadable releases.
[ERROR] (washoe) This package does not have downloadable releases.
[INFO] (waskr) This package is up to date.
[INFO] (wasm) This package is up to date.
[INFO] (wasmfun) This package is up to date.
[INFO] (wasp) This package is up to date.
[INFO] (wasp-backup) This package is up to date.
[INFO] (wasp-backup-minimal) This package is up to date.
[INFO] (wasp-eureka) This package is up to date.
[INFO] (wasp-gateway) This package is up to date.
[INFO] (wasp-general) This package is up to date.
[INFO] (wasp-launcher) This package is up to date.
[INFO] (waspy) This package is up to date.
[INFO] (wasserstoff) This package is up to date.
[INFO] (waste-not-the-water) This package is up to date.
[ERROR] (wat) This package does not have downloadable releases.
[INFO] (wat-py) This package is up to date.
[INFO] (watcard) This package is up to date.
[INFO] (watch) This package is up to date.
[INFO] (watch-fs) This package is up to date.
[INFO] (watch-out) This package is up to date.
[INFO] (watch-rsync) This package is up to date.
[INFO] (watchall) This package is up to date.
[INFO] (watchbot-progress) This package is up to date.
[INFO] (watchconf) This package is up to date.
[INFO] (watchdog) This package is up to date.
[INFO] (watchdog-gevent) This package is up to date.
[INFO] (watchdog-lite) This package is up to date.
[INFO] (watchdog3) This package is up to date.
[INFO] (watchdogdev) This package is up to date.
[INFO] (watchedserial) This package is up to date.
[INFO] (watcher) This package is up to date.
[INFO] (watcher-dashboard) This package is up to date.
[INFO] (watchers-py) This package is up to date.
[INFO] (watches) This package is up to date.
[INFO] (watchfiles) This package is up to date.
[INFO] (watchghost) This package is up to date.
[INFO] (watchgod) This package is up to date.
[INFO] (watching) This package is up to date.
[INFO] (watching-testrunner) This package is up to date.
[INFO] (watchit) This package is up to date.
[INFO] (watchlion) This package is up to date.
[INFO] (watchlist) This package is up to date.
[INFO] (watchm8) This package is up to date.
[INFO] (watchmaker) This package is up to date.
[INFO] (watchman) This package is up to date.
[INFO] (watchng) This package is up to date.
[INFO] (watchntouch) This package is up to date.
[INFO] (watchsubs) This package is up to date.
[INFO] (watchtower) This package is up to date.
[INFO] (watchvideo) This package is up to date.
[INFO] (watdarepo) This package is up to date.
[INFO] (water) This package is up to date.
[INFO] (water-ebmas) This package is up to date.
[INFO] (waterbear) This package is up to date.
[INFO] (waterboy) This package is up to date.
[INFO] (waterf) This package is up to date.
[INFO] (waterfallcharts) This package is up to date.
[INFO] (waterflow) This package is up to date.
[INFO] (waterfurnace) This package is up to date.
[INFO] (watermark) This package is up to date.
[ERROR] (watermark-django) This package does not have downloadable releases.
[INFO] (watermarker) This package is up to date.
[INFO] (watermarker-cli) This package is up to date.
[INFO] (watermarks) This package is up to date.
[INFO] (watermelonpi) This package is up to date.
[INFO] (wateronce) This package is up to date.
[INFO] (watershed) This package is up to date.
[ERROR] (waterspout) This package does not have downloadable releases.
[INFO] (waterworks) This package is up to date.
[ERROR] (wator) This package does not have downloadable releases.
[INFO] (watson) This package is up to date.
[INFO] (watson-assets) This package is up to date.
[INFO] (watson-auth) This package is up to date.
[INFO] (watson-cache) This package is up to date.
[INFO] (watson-ci) This package is up to date.
[INFO] (watson-common) This package is up to date.
[INFO] (watson-console) This package is up to date.
[INFO] (watson-cors) This package is up to date.
[INFO] (watson-ct) This package is up to date.
[ERROR] (watson-data-kits) Could not get a response from API for this package. See below for details.
Traceback (most recent call last):
  File "/usr/local/lib/python3.5/dist-packages/pypicontents/api/pypi.py", line 264, in get_pkgdata
    timeout=10).read()
  File "/usr/lib/python3.5/urllib/request.py", line 163, in urlopen
    return opener.open(url, data, timeout)
  File "/usr/lib/python3.5/urllib/request.py", line 472, in open
    response = meth(req, response)
  File "/usr/lib/python3.5/urllib/request.py", line 582, in http_response
    'http', request, response, code, msg, hdrs)
  File "/usr/lib/python3.5/urllib/request.py", line 510, in error
    return self._call_chain(*args)
  File "/usr/lib/python3.5/urllib/request.py", line 444, in _call_chain
    result = func(*args)
  File "/usr/lib/python3.5/urllib/request.py", line 590, in http_error_default
    raise HTTPError(req.full_url, code, msg, hdrs, fp)
urllib.error.HTTPError: HTTP Error 404: Not Found

[INFO] (watson-db) This package is up to date.
[INFO] (watson-dev) This package is up to date.
[INFO] (watson-developer-cloud) This package is up to date.
[INFO] (watson-di) This package is up to date.
[INFO] (watson-events) This package is up to date.
[INFO] (watson-filesystem) This package is up to date.
[INFO] (watson-filters) This package is up to date.
[INFO] (watson-form) This package is up to date.
[INFO] (watson-framework) This package is up to date.
[INFO] (watson-html) This package is up to date.
[INFO] (watson-http) This package is up to date.
[INFO] (watson-machine-learning-client) This package is up to date.
[INFO] (watson-mail) This package is up to date.
[INFO] (watson-routing) This package is up to date.
[INFO] (watson-serialize) This package is up to date.
[INFO] (watson-speech-to-text-websockets) This package is up to date.
[INFO] (watson-streaming) This package is up to date.
[INFO] (watson-text-talker) This package is up to date.
[INFO] (watson-tts-py) This package is up to date.
[INFO] (watson-validators) This package is up to date.
[INFO] (watsondevelopercloud) This package is up to date.
[INFO] (watsongraph) This package is up to date.
[ERROR] (wattic) Could not get a response from API for this package. See below for details.
Traceback (most recent call last):
  File "/usr/local/lib/python3.5/dist-packages/pypicontents/api/pypi.py", line 264, in get_pkgdata
    timeout=10).read()
  File "/usr/lib/python3.5/urllib/request.py", line 163, in urlopen
    return opener.open(url, data, timeout)
  File "/usr/lib/python3.5/urllib/request.py", line 472, in open
    response = meth(req, response)
  File "/usr/lib/python3.5/urllib/request.py", line 582, in http_response
    'http', request, response, code, msg, hdrs)
  File "/usr/lib/python3.5/urllib/request.py", line 510, in error
    return self._call_chain(*args)
  File "/usr/lib/python3.5/urllib/request.py", line 444, in _call_chain
    result = func(*args)
  File "/usr/lib/python3.5/urllib/request.py", line 590, in http_error_default
    raise HTTPError(req.full_url, code, msg, hdrs, fp)
urllib.error.HTTPError: HTTP Error 404: Not Found

[INFO] (wattle) This package is up to date.
[INFO] (wattpad-ebook) This package is up to date.
[INFO] (watts) This package is up to date.
[INFO] (watttime-client) This package is up to date.
[INFO] (wattzon) This package is up to date.
[INFO] (wattzon-link) This package is up to date.
[INFO] (waunit) This package is up to date.
[ERROR] (wav-loopy) Could not extract data from this package. See below for details.

[INFO] (wav2bin) This package is up to date.
[INFO] (wav2image) This package is up to date.
[INFO] (wav2vec) This package is up to date.
[INFO] (wave) This package is up to date.
[INFO] (wave-1d-fd-perf) This package is up to date.
[INFO] (wave-demo) This package is up to date.
[INFO] (wave-tool) This package is up to date.
[INFO] (wave-utils) This package is up to date.
[INFO] (wavectl) This package is up to date.
[INFO] (wavefile) This package is up to date.
[INFO] (wavefront-api-client) This package is up to date.
[INFO] (wavefront-cli) This package is up to date.
[INFO] (wavefront-client) This package is up to date.
[INFO] (wavefront-collector) This package is up to date.
[INFO] (wavefront-dispatch) This package is up to date.
[INFO] (wavefront-lambda) This package is up to date.
[INFO] (wavefront-pyformance) This package is up to date.
[INFO] (wavefront-reader) This package is up to date.
[INFO] (waveglida) This package is up to date.
[ERROR] (wavelet-calculations) Could not extract data from this package. See below for details.
".html" extension not supported.
[ERROR] (wavelets) Could not extract data from this package. See below for details.
"https://github.com/sjoerdvansteenkiste/wavelets.git/tarball/master" file could not be downloaded. See below for details.
Traceback (most recent call last):
  File "/usr/local/lib/python3.5/dist-packages/pypicontents/api/pypi.py", line 107, in download_tar
    f.write(urlopen(url=urlesc(pkgurl), timeout=10).read())
  File "/usr/lib/python3.5/urllib/request.py", line 163, in urlopen
    return opener.open(url, data, timeout)
  File "/usr/lib/python3.5/urllib/request.py", line 472, in open
    response = meth(req, response)
  File "/usr/lib/python3.5/urllib/request.py", line 582, in http_response
    'http', request, response, code, msg, hdrs)
  File "/usr/lib/python3.5/urllib/request.py", line 510, in error
    return self._call_chain(*args)
  File "/usr/lib/python3.5/urllib/request.py", line 444, in _call_chain
    result = func(*args)
  File "/usr/lib/python3.5/urllib/request.py", line 590, in http_error_default
    raise HTTPError(req.full_url, code, msg, hdrs, fp)
urllib.error.HTTPError: HTTP Error 404: Not Found

[INFO] (waveletspec) This package is up to date.
[INFO] (wavemaker) This package is up to date.
[INFO] (wavenet) This package is up to date.
[INFO] (wavenet-vocoder) This package is up to date.
[INFO] (waveplot-scanner) This package is up to date.
[INFO] (waverest) This package is up to date.
[INFO] (waves) This package is up to date.
[INFO] (waves-core) This package is up to date.
[INFO] (waves-demo) This package is up to date.
[INFO] (waves-galaxy-adaptors) This package is up to date.
[INFO] (waves-gateway) This package is up to date.
[INFO] (waves-tool) This package is up to date.
[INFO] (wavespectra) This package is up to date.
[INFO] (wavesync) This package is up to date.
[INFO] (wavetrace) This package is up to date.
[INFO] (wavio) This package is up to date.
[INFO] (wavshow) This package is up to date.
[INFO] (wavy) This package is up to date.
[INFO] (wavytool) This package is up to date.
[INFO] (wawa) This package is up to date.
[INFO] (wawalib) This package is up to date.
[ERROR] (wax) Could not extract data from this package. See below for details.
"http://zephyrfalcon.org/download/wax-0.1.44.zip" file could not be downloaded. See below for details.
Traceback (most recent call last):
  File "/usr/local/lib/python3.5/dist-packages/pypicontents/api/pypi.py", line 107, in download_tar
    f.write(urlopen(url=urlesc(pkgurl), timeout=10).read())
  File "/usr/lib/python3.5/urllib/request.py", line 163, in urlopen
    return opener.open(url, data, timeout)
  File "/usr/lib/python3.5/urllib/request.py", line 466, in open
    response = self._open(req, data)
  File "/usr/lib/python3.5/urllib/request.py", line 484, in _open
    '_open', req)
  File "/usr/lib/python3.5/urllib/request.py", line 444, in _call_chain
    result = func(*args)
  File "/usr/lib/python3.5/urllib/request.py", line 1282, in http_open
    return self.do_open(http.client.HTTPConnection, req)
  File "/usr/lib/python3.5/urllib/request.py", line 1257, in do_open
    r = h.getresponse()
  File "/usr/lib/python3.5/http/client.py", line 1198, in getresponse
    response.begin()
  File "/usr/lib/python3.5/http/client.py", line 297, in begin
    version, status, reason = self._read_status()
  File "/usr/lib/python3.5/http/client.py", line 266, in _read_status
    raise RemoteDisconnected("Remote end closed connection without"
http.client.RemoteDisconnected: Remote end closed connection without response

[INFO] (waxeye) This package is up to date.
[INFO] (way-nester) This package is up to date.
[INFO] (way2sms) This package is up to date.
[INFO] (wayback) This package is up to date.
[INFO] (wayback-machine-scraper) This package is up to date.
[INFO] (waybacklapse) This package is up to date.
[INFO] (waybackpack) This package is up to date.
[INFO] (waybackprov) This package is up to date.
[INFO] (waybackscraper) This package is up to date.
[INFO] (waybill) This package is up to date.
[INFO] (waydame) This package is up to date.
[INFO] (waylonlee) This package is up to date.
[ERROR] (wayne) This package does not have downloadable releases.
[INFO] (wayround-org-carafe) This package is up to date.
[INFO] (wayround-org-getthesource) This package is up to date.
[INFO] (wayround-org-gsasl) This package is up to date.
[INFO] (wayround-org-http) This package is up to date.
[INFO] (wayround-org-mail) This package is up to date.
[INFO] (wayround-org-pyabber) This package is up to date.
[INFO] (wayround-org-pyeditor) This package is up to date.
[INFO] (wayround-org-sasl) This package is up to date.
[INFO] (wayround-org-socketserver) This package is up to date.
[INFO] (wayround-org-toxcorebind) This package is up to date.
[INFO] (wayround-org-toxcorebot) This package is up to date.
[INFO] (wayround-org-utils) This package is up to date.
[INFO] (wayround-org-webserver) This package is up to date.
[INFO] (wayround-org-wsgi) This package is up to date.
[INFO] (wayround-org-xmpp) This package is up to date.
[INFO] (ways) This package is up to date.
[INFO] (wayslack) This package is up to date.
[ERROR] (wayterm) This package does not have downloadable releases.
[INFO] (waytt) This package is up to date.
[INFO] (waytwo) This package is up to date.
[INFO] (wazeroutecalculator) This package is up to date.
[INFO] (wazimap) This package is up to date.
[INFO] (wazimap-mapit) This package is up to date.
[INFO] (wb) This package is up to date.
[INFO] (wb-vandalism) This package is up to date.
[INFO] (wbbw1990) This package is up to date.
[INFO] (wbcontractawards) This package is up to date.
[INFO] (wbdata) This package is up to date.
[INFO] (wbdatapy) This package is up to date.
[INFO] (wblib) This package is up to date.
[INFO] (wbnn) This package is up to date.
[INFO] (wbpy) This package is up to date.
[INFO] (wbs-polls-djn) This package is up to date.
[INFO] (wbuild) This package is up to date.
[INFO] (wbutil) This package is up to date.
[INFO] (wbxml) This package is up to date.
[INFO] (wc) This package is up to date.
[INFO] (wc-cookiecredentials) This package is up to date.
[INFO] (wc-db) This package is up to date.
[ERROR] (wc-nester) This package does not have downloadable releases.
[INFO] (wc-pageturner) This package is up to date.
[INFO] (wc-rating) This package is up to date.
[INFO] (wc-sequencewidget) This package is up to date.
[INFO] (wc-socket) This package is up to date.
[INFO] (wc-sqlrecipe) This package is up to date.
[INFO] (wc-textpage) This package is up to date.
[INFO] (wc-web) This package is up to date.
[INFO] (wc-worldcookeryskin) This package is up to date.
[INFO] (wc14) This package is up to date.
[INFO] (wc18-cli) This package is up to date.
[INFO] (wcache) This package is up to date.
[INFO] (wcag-contrast-ratio) This package is up to date.
[INFO] (wcag-zoo) This package is up to date.
[ERROR] (wcatalog) Could not extract data from this package. See below for details.
This package download URL does not point to a valid file: "http://www.emilas.com/wcatalog/download/"
[INFO] (wcc) This package is up to date.
[INFO] (wccls) This package is up to date.
[INFO] (wcd) This package is up to date.
[INFO] (wcfg) This package is up to date.
[INFO] (wchartype) This package is up to date.
[INFO] (wciwt) This package is up to date.
[INFO] (wcl-services) This package is up to date.
[INFO] (wcleaner) This package is up to date.
[INFO] (wclog) This package is up to date.
[INFO] (wcloud) This package is up to date.
[INFO] (wcmatch) This package is up to date.
[INFO] (wcolors) This package is up to date.
[INFO] (wcon) This package is up to date.
[INFO] (wcosa) This package is up to date.
[INFO] (wcpan-acd) This package is up to date.
[INFO] (wcpan-drive-google) This package is up to date.
[INFO] (wcpan-listen) This package is up to date.
[INFO] (wcpan-logger) This package is up to date.
[INFO] (wcpan-model) This package is up to date.
[ERROR] (wcpan-telegram) This package does not have downloadable releases.
[INFO] (wcpan-worker) This package is up to date.
[INFO] (wcpy) This package is up to date.
[INFO] (wcs-deployment-utils) This package is up to date.
[INFO] (wcs-python-sdk) This package is up to date.
[INFO] (wcs-python-sdk-3) This package is up to date.
[INFO] (wcsaxes) This package is up to date.
[INFO] (wcscmd) This package is up to date.
[INFO] (wcscmd3) This package is up to date.
[INFO] (wcurve) This package is up to date.
[INFO] (wcut) This package is up to date.
[INFO] (wcwidth) This package is up to date.
[INFO] (wcwxapi) This package is up to date.
[INFO] (wcx) This package is up to date.
[INFO] (wcxf) This package is up to date.
[INFO] (wd) This package is up to date.
[INFO] (wd-accl-17) This package is up to date.
[INFO] (wd-accl-dev-3) This package is up to date.
[INFO] (wd-entities) This package is up to date.
[INFO] (wd-extractor) This package is up to date.
[INFO] (wd-toys) This package is up to date.
[INFO] (wdapi) This package is up to date.
[INFO] (wdb) This package is up to date.
[INFO] (wdb-over-pdb) This package is up to date.
[INFO] (wdb-server) This package is up to date.
[INFO] (wddx) This package is up to date.
[INFO] (wdee0618) This package is up to date.
[INFO] (wdict) This package is up to date.
[INFO] (wdiffhtml) This package is up to date.
[INFO] (wdisp) This package is up to date.
[INFO] (wdk) This package is up to date.
[INFO] (wdl) This package is up to date.
[INFO] (wdl2cwl) This package is up to date.
[INFO] (wdmapper) This package is up to date.
[INFO] (wdmlservice) This package is up to date.
[INFO] (wdmmgext) This package is up to date.
[INFO] (wdmtoolbox) Data has been updated for this package.
[ERROR] (wdncrunch) Could not get a response from API for this package. See below for details.
Traceback (most recent call last):
  File "/usr/local/lib/python3.5/dist-packages/pypicontents/api/pypi.py", line 264, in get_pkgdata
    timeout=10).read()
  File "/usr/lib/python3.5/urllib/request.py", line 163, in urlopen
    return opener.open(url, data, timeout)
  File "/usr/lib/python3.5/urllib/request.py", line 472, in open
    response = meth(req, response)
  File "/usr/lib/python3.5/urllib/request.py", line 582, in http_response
    'http', request, response, code, msg, hdrs)
  File "/usr/lib/python3.5/urllib/request.py", line 510, in error
    return self._call_chain(*args)
  File "/usr/lib/python3.5/urllib/request.py", line 444, in _call_chain
    result = func(*args)
  File "/usr/lib/python3.5/urllib/request.py", line 590, in http_error_default
    raise HTTPError(req.full_url, code, msg, hdrs, fp)
urllib.error.HTTPError: HTTP Error 404: Not Found

[INFO] (wdocker) This package is up to date.
[INFO] (wdom) This package is up to date.
[INFO] (wdwapp) This package is up to date.
[ERROR] (we) This package does not have downloadable releases.
[INFO] (we-get) This package is up to date.
[INFO] (weaklisp) This package is up to date.
[INFO] (weaknet) This package is up to date.
[INFO] (weakpoint) This package is up to date.
[INFO] (weakref-property) This package is up to date.
[INFO] (weakrefable) This package is up to date.
[INFO] (weakreflist) This package is up to date.
[INFO] (weakrefmethod) This package is up to date.
[INFO] (weakrefset) This package is up to date.
[INFO] (weakscraper) This package is up to date.
[INFO] (weaminglib) This package is up to date.
[INFO] (weapon) This package is up to date.
[INFO] (weapprobot) This package is up to date.
[INFO] (wearesports) This package is up to date.
[INFO] (weasel) This package is up to date.
[INFO] (weasl) This package is up to date.
[INFO] (weasyprint) This package is up to date.
[INFO] (weather) This package is up to date.
[INFO] (weather-api) This package is up to date.
[INFO] (weather-cli) This package is up to date.
[INFO] (weather-notify) This package is up to date.
[INFO] (weather-tools) This package is up to date.
[INFO] (weather-underground-simple-wrapper) This package is up to date.
[ERROR] (weather-util) This package does not have downloadable releases.
[INFO] (weather2stats) This package is up to date.
[INFO] (weatheralerts) This package is up to date.
[INFO] (weatherapixu) This package is up to date.
[INFO] (weatherbotskeleton) This package is up to date.
[INFO] (weathercli) This package is up to date.
[INFO] (weathercn) This package is up to date.
[INFO] (weatherman) This package is up to date.
[INFO] (weathernow) This package is up to date.
[INFO] (weatherpy) This package is up to date.
[INFO] (weathers) This package is up to date.
[INFO] (weathersnake) This package is up to date.
[INFO] (weathersxy) This package is up to date.
[ERROR] (weathervane) This package does not have downloadable releases.
[INFO] (weatherxy) This package is up to date.
[INFO] (weave) This package is up to date.
[INFO] (weave-minimal) This package is up to date.
[INFO] (weave-minimal-uberspace) This package is up to date.
[INFO] (weaveq) This package is up to date.
[INFO] (weaver) This package is up to date.
[INFO] (weavery) This package is up to date.
[INFO] (weaviate-pyclient) This package is up to date.
[ERROR] (web) Could not extract data from this package. See below for details.
This package download URL does not point to a valid file: "http://www.pythonweb.org/web/release/"
[INFO] (web-cache) This package is up to date.
[INFO] (web-crawler) This package is up to date.
[INFO] (web-crawler-plus) This package is up to date.
[INFO] (web-db) This package is up to date.
[INFO] (web-delta) This package is up to date.
[INFO] (web-dispatch) This package is up to date.
[INFO] (web-dispatch-object) This package is up to date.
[INFO] (web-dispatch-resource) This package is up to date.
[INFO] (web-dispatch-route) This package is up to date.
[INFO] (web-extract) This package is up to date.
[INFO] (web-fragments) This package is up to date.
[INFO] (web-gamepad) This package is up to date.
[INFO] (web-imagery) This package is up to date.
[ERROR] (web-malware-scanner) This package does not have downloadable releases.
[INFO] (web-mocker) This package is up to date.
[ERROR] (web-modules) Could not extract data from this package. See below for details.
This package download URL does not point to a valid file: "http://www.pythonweb.org/projects/webmodules/release/current/"
[INFO] (web-office) This package is up to date.
[INFO] (web-payments-connector) This package is up to date.
[INFO] (web-payments-paydirekt) This package is up to date.
[INFO] (web-payments-paypal) This package is up to date.
[INFO] (web-pdb) This package is up to date.
[INFO] (web-py) This package is up to date.
[INFO] (web-py-ingi) This package is up to date.
[INFO] (web-py-modules) This package is up to date.
[INFO] (web-rich-object) This package is up to date.
[INFO] (web-scraper) This package is up to date.
[INFO] (web-scraping-utility) This package is up to date.
[ERROR] (web-search) This package does not have downloadable releases.
[INFO] (web-sh) This package is up to date.
[INFO] (web-skeleton) This package is up to date.
[INFO] (web-skeleton3) This package is up to date.
[INFO] (web-test) This package is up to date.
[INFO] (web-title) This package is up to date.
[INFO] (web-trawler) This package is up to date.
[INFO] (web-utils) This package is up to date.
[INFO] (web-walker) This package is up to date.
[INFO] (web-wrapper) This package is up to date.
[INFO] (web2ldap) This package is up to date.
[INFO] (web2py) This package is up to date.
[INFO] (web2py-dal) This package is up to date.
[INFO] (web2py-utils) This package is up to date.
[INFO] (web2pyrecipe) This package is up to date.
[INFO] (web2sms) This package is up to date.
[INFO] (web3) This package is up to date.
[INFO] (web3-gear) This package is up to date.
[INFO] (web3utils) This package is up to date.
[INFO] (webalchemy) This package is up to date.
[INFO] (webalerts) This package is up to date.
[INFO] (webapi) This package is up to date.
[INFO] (webapi-active-query-builder) This package is up to date.
[ERROR] (webapp) Could not extract data from this package. See below for details.
"https://github.com/alectramell/webapp.git/tarball/master" file could not be downloaded. See below for details.
Traceback (most recent call last):
  File "/usr/local/lib/python3.5/dist-packages/pypicontents/api/pypi.py", line 107, in download_tar
    f.write(urlopen(url=urlesc(pkgurl), timeout=10).read())
  File "/usr/lib/python3.5/urllib/request.py", line 163, in urlopen
    return opener.open(url, data, timeout)
  File "/usr/lib/python3.5/urllib/request.py", line 472, in open
    response = meth(req, response)
  File "/usr/lib/python3.5/urllib/request.py", line 582, in http_response
    'http', request, response, code, msg, hdrs)
  File "/usr/lib/python3.5/urllib/request.py", line 510, in error
    return self._call_chain(*args)
  File "/usr/lib/python3.5/urllib/request.py", line 444, in _call_chain
    result = func(*args)
  File "/usr/lib/python3.5/urllib/request.py", line 590, in http_error_default
    raise HTTPError(req.full_url, code, msg, hdrs, fp)
urllib.error.HTTPError: HTTP Error 404: Not Found

[INFO] (webapp-enhanced) This package is up to date.
[INFO] (webapp-health-monitor) This package is up to date.
[ERROR] (webapp-shan2new) This package does not have downloadable releases.
[INFO] (webapp2) This package is up to date.
[INFO] (webapp2-restful) This package is up to date.
[INFO] (webapp2-static) This package is up to date.
[INFO] (webappify) This package is up to date.
[INFO] (webappmanager) This package is up to date.
[INFO] (webapptitude) This package is up to date.
[INFO] (webargs) This package is up to date.
[INFO] (webarticle2text) This package is up to date.
[INFO] (webassets) This package is up to date.
[INFO] (webassets-babel) This package is up to date.
[INFO] (webassets-browserify) This package is up to date.
[INFO] (webassets-closure-soy) This package is up to date.
[INFO] (webassets-compassconnector) This package is up to date.
[INFO] (webassets-elm) This package is up to date.
[INFO] (webassets-iife) This package is up to date.
[INFO] (webassets-jinja2js) This package is up to date.
[INFO] (webassets-libsass) This package is up to date.
[INFO] (webassets-livescript) This package is up to date.
[INFO] (webassets-ng-annotate) This package is up to date.
[INFO] (webassets-react) This package is up to date.
[INFO] (webassets-recess) This package is up to date.
[INFO] (webassets-rollup) This package is up to date.
[INFO] (webassets-traceur) This package is up to date.
[INFO] (webassets-webpack) This package is up to date.
[INFO] (webassets2) This package is up to date.
[INFO] (webauthn) This package is up to date.
[INFO] (webavailability) This package is up to date.
[INFO] (webb) This package is up to date.
[ERROR] (webbbench) Could not get a response from API for this package. See below for details.
Traceback (most recent call last):
  File "/usr/local/lib/python3.5/dist-packages/pypicontents/api/pypi.py", line 264, in get_pkgdata
    timeout=10).read()
  File "/usr/lib/python3.5/urllib/request.py", line 163, in urlopen
    return opener.open(url, data, timeout)
  File "/usr/lib/python3.5/urllib/request.py", line 472, in open
    response = meth(req, response)
  File "/usr/lib/python3.5/urllib/request.py", line 582, in http_response
    'http', request, response, code, msg, hdrs)
  File "/usr/lib/python3.5/urllib/request.py", line 510, in error
    return self._call_chain(*args)
  File "/usr/lib/python3.5/urllib/request.py", line 444, in _call_chain
    result = func(*args)
  File "/usr/lib/python3.5/urllib/request.py", line 590, in http_error_default
    raise HTTPError(req.full_url, code, msg, hdrs, fp)
urllib.error.HTTPError: HTTP Error 404: Not Found

[INFO] (webbed) This package is up to date.
[INFO] (webbench) This package is up to date.
[INFO] (webbot) This package is up to date.
[INFO] (webbpsf) This package is up to date.
[INFO] (webbridge) This package is up to date.
[INFO] (webby) This package is up to date.
[INFO] (webbyapp) This package is up to date.
[INFO] (webcam-ftpry) This package is up to date.
[INFO] (webcam-recorder) This package is up to date.
[INFO] (webcam-streamer) This package is up to date.
[INFO] (webchangestopmotion) This package is up to date.
[INFO] (webchk) This package is up to date.
[ERROR] (webchuan) Could not get a response from API for this package. See below for details.
Traceback (most recent call last):
  File "/usr/lib/python3.5/urllib/request.py", line 1254, in do_open
    h.request(req.get_method(), req.selector, req.data, headers)
  File "/usr/lib/python3.5/http/client.py", line 1107, in request
    self._send_request(method, url, body, headers)
  File "/usr/lib/python3.5/http/client.py", line 1152, in _send_request
    self.endheaders(body)
  File "/usr/lib/python3.5/http/client.py", line 1103, in endheaders
    self._send_output(message_body)
  File "/usr/lib/python3.5/http/client.py", line 934, in _send_output
    self.send(msg)
  File "/usr/lib/python3.5/http/client.py", line 877, in send
    self.connect()
  File "/usr/lib/python3.5/http/client.py", line 1253, in connect
    super().connect()
  File "/usr/lib/python3.5/http/client.py", line 849, in connect
    (self.host,self.port), self.timeout, self.source_address)
  File "/usr/lib/python3.5/socket.py", line 712, in create_connection
    raise err
  File "/usr/lib/python3.5/socket.py", line 703, in create_connection
    sock.connect(sa)
OSError: [Errno 99] Cannot assign requested address

During handling of the above exception, another exception occurred:

Traceback (most recent call last):
  File "/usr/local/lib/python3.5/dist-packages/pypicontents/api/pypi.py", line 264, in get_pkgdata
    timeout=10).read()
  File "/usr/lib/python3.5/urllib/request.py", line 163, in urlopen
    return opener.open(url, data, timeout)
  File "/usr/lib/python3.5/urllib/request.py", line 472, in open
    response = meth(req, response)
  File "/usr/lib/python3.5/urllib/request.py", line 582, in http_response
    'http', request, response, code, msg, hdrs)
  File "/usr/lib/python3.5/urllib/request.py", line 504, in error
    result = self._call_chain(*args)
  File "/usr/lib/python3.5/urllib/request.py", line 444, in _call_chain
    result = func(*args)
  File "/usr/lib/python3.5/urllib/request.py", line 696, in http_error_302
    return self.parent.open(new, timeout=req.timeout)
  File "/usr/lib/python3.5/urllib/request.py", line 466, in open
    response = self._open(req, data)
  File "/usr/lib/python3.5/urllib/request.py", line 484, in _open
    '_open', req)
  File "/usr/lib/python3.5/urllib/request.py", line 444, in _call_chain
    result = func(*args)
  File "/usr/lib/python3.5/urllib/request.py", line 1297, in https_open
    context=self._context, check_hostname=self._check_hostname)
  File "/usr/lib/python3.5/urllib/request.py", line 1256, in do_open
    raise URLError(err)
urllib.error.URLError: <urlopen error [Errno 99] Cannot assign requested address>

[INFO] (webcitation) This package is up to date.
[ERROR] (webcleaner) Could not extract data from this package. See below for details.
".php" extension not supported.
[ERROR] (webcli) Could not get a response from API for this package. See below for details.
Traceback (most recent call last):
  File "/usr/local/lib/python3.5/dist-packages/pypicontents/api/pypi.py", line 264, in get_pkgdata
    timeout=10).read()
  File "/usr/lib/python3.5/urllib/request.py", line 163, in urlopen
    return opener.open(url, data, timeout)
  File "/usr/lib/python3.5/urllib/request.py", line 472, in open
    response = meth(req, response)
  File "/usr/lib/python3.5/urllib/request.py", line 582, in http_response
    'http', request, response, code, msg, hdrs)
  File "/usr/lib/python3.5/urllib/request.py", line 510, in error
    return self._call_chain(*args)
  File "/usr/lib/python3.5/urllib/request.py", line 444, in _call_chain
    result = func(*args)
  File "/usr/lib/python3.5/urllib/request.py", line 590, in http_error_default
    raise HTTPError(req.full_url, code, msg, hdrs, fp)
urllib.error.HTTPError: HTTP Error 404: Not Found

[INFO] (webcolors) This package is up to date.
[INFO] (webcomix) This package is up to date.
[INFO] (webcommon) This package is up to date.
[INFO] (webcon) This package is up to date.
[INFO] (webconda) This package is up to date.
[INFO] (webcord) This package is up to date.
[INFO] (webcore) This package is up to date.
[INFO] (webcouturier-city-theme) This package is up to date.
[INFO] (webcouturier-dropdownmenu) This package is up to date.
[INFO] (webcouturier-hosting-theme) This package is up to date.
[INFO] (webcouturier-icompany-theme) This package is up to date.
[INFO] (webcrawl) This package is up to date.
[INFO] (webcrawler) This package is up to date.
[INFO] (webcrawlers) This package is up to date.
[INFO] (webcronmon) This package is up to date.
[INFO] (webcrystal) This package is up to date.
[INFO] (webdata) This package is up to date.
[INFO] (webdav) This package is up to date.
[INFO] (webdav-kerberos) This package is up to date.
[INFO] (webdavclient) This package is up to date.
[INFO] (webdavclient2) This package is up to date.
[INFO] (webdavclient3) This package is up to date.
[INFO] (webdb) This package is up to date.
[INFO] (webdepcompress) This package is up to date.
[INFO] (webdeployer) This package is up to date.
[INFO] (webdev) This package is up to date.
[INFO] (webdiff) This package is up to date.
[INFO] (webdispatch) This package is up to date.
[INFO] (webdnn) This package is up to date.
[INFO] (webdow) This package is up to date.
[ERROR] (webdriver) This package does not have downloadable releases.
[INFO] (webdriver-chauffeur) This package is up to date.
[INFO] (webdriver-components) This package is up to date.
[INFO] (webdriver-components-py2) This package is up to date.
[INFO] (webdriver-controller) This package is up to date.
[INFO] (webdriver-manager) This package is up to date.
[INFO] (webdriver-pool) This package is up to date.
[INFO] (webdriver-start) This package is up to date.
[INFO] (webdriver-test-tools) This package is up to date.
[INFO] (webdriver-wharf) This package is up to date.
[INFO] (webdriverdownloader) This package is up to date.
[INFO] (webdriverplus) This package is up to date.
[INFO] (webdriverwrapper) This package is up to date.
[INFO] (webdry) This package is up to date.
[INFO] (webeditor) This package is up to date.
[INFO] (webelement-highlighter) This package is up to date.
[INFO] (webelemental) This package is up to date.
[INFO] (webelements) This package is up to date.
[INFO] (webencodings) This package is up to date.
[INFO] (webenv) This package is up to date.
[ERROR] (weber) This package does not have downloadable releases.
[INFO] (weber-utils) This package is up to date.
[INFO] (weberfuncs) This package is up to date.
[INFO] (weberredis) This package is up to date.
[INFO] (weberror) This package is up to date.
[INFO] (weberschema) This package is up to date.
[INFO] (webertools) This package is up to date.
[INFO] (weberwinsv) This package is up to date.
[ERROR] (webest) This package does not have downloadable releases.
[INFO] (webevents) This package is up to date.
[INFO] (webexpy) This package is up to date.
[INFO] (webext) This package is up to date.
[INFO] (webextaware) This package is up to date.
[INFO] (webf) This package is up to date.
[INFO] (webfaction-fab2) Data has been updated for this package.
[INFO] (webfinger) This package is up to date.
[INFO] (webfinger2) This package is up to date.
[INFO] (webflash) This package is up to date.
[INFO] (webflask) This package is up to date.
[INFO] (webfocus) This package is up to date.
[INFO] (webfriend) This package is up to date.
[INFO] (webgap) This package is up to date.
[INFO] (webgather) This package is up to date.
[INFO] (webgears) This package is up to date.
[INFO] (webgen) This package is up to date.
[ERROR] (webgobbler) Could not extract data from this package. See below for details.

[INFO] (webgrep) This package is up to date.
[INFO] (webgrep-tool) This package is up to date.
[INFO] (webgrid) This package is up to date.
[INFO] (webhaak) This package is up to date.
[INFO] (webhdfs) This package is up to date.
[INFO] (webhdfspy) This package is up to date.
[INFO] (webhelpers) This package is up to date.
[INFO] (webhelpers2) This package is up to date.
[INFO] (webhelpers2-grid) This package is up to date.
[INFO] (webheroes-utils) This package is up to date.
[ERROR] (webhook) This package does not have downloadable releases.
[INFO] (webhook-logger) This package is up to date.
[INFO] (webhook-router) This package is up to date.
[INFO] (webhook-sender) This package is up to date.
[INFO] (webhook2lambda2sqs) This package is up to date.
[ERROR] (webhooked) This package does not have downloadable releases.
[INFO] (webhookit) This package is up to date.
[INFO] (webhooks) This package is up to date.
[INFO] (webhooks-py) This package is up to date.
[INFO] (webhooksdemo) This package is up to date.
[INFO] (webhose) This package is up to date.
[INFO] (webhoseio) This package is up to date.
[ERROR] (webi-ripple) This package does not have downloadable releases.
[INFO] (webias) This package is up to date.
[ERROR] (webid-delegated-auth) Could not get a response from API for this package. See below for details.
Traceback (most recent call last):
  File "/usr/lib/python3.5/urllib/request.py", line 1254, in do_open
    h.request(req.get_method(), req.selector, req.data, headers)
  File "/usr/lib/python3.5/http/client.py", line 1107, in request
    self._send_request(method, url, body, headers)
  File "/usr/lib/python3.5/http/client.py", line 1152, in _send_request
    self.endheaders(body)
  File "/usr/lib/python3.5/http/client.py", line 1103, in endheaders
    self._send_output(message_body)
  File "/usr/lib/python3.5/http/client.py", line 934, in _send_output
    self.send(msg)
  File "/usr/lib/python3.5/http/client.py", line 877, in send
    self.connect()
  File "/usr/lib/python3.5/http/client.py", line 1253, in connect
    super().connect()
  File "/usr/lib/python3.5/http/client.py", line 849, in connect
    (self.host,self.port), self.timeout, self.source_address)
  File "/usr/lib/python3.5/socket.py", line 712, in create_connection
    raise err
  File "/usr/lib/python3.5/socket.py", line 703, in create_connection
    sock.connect(sa)
OSError: [Errno 99] Cannot assign requested address

During handling of the above exception, another exception occurred:

Traceback (most recent call last):
  File "/usr/local/lib/python3.5/dist-packages/pypicontents/api/pypi.py", line 264, in get_pkgdata
    timeout=10).read()
  File "/usr/lib/python3.5/urllib/request.py", line 163, in urlopen
    return opener.open(url, data, timeout)
  File "/usr/lib/python3.5/urllib/request.py", line 466, in open
    response = self._open(req, data)
  File "/usr/lib/python3.5/urllib/request.py", line 484, in _open
    '_open', req)
  File "/usr/lib/python3.5/urllib/request.py", line 444, in _call_chain
    result = func(*args)
  File "/usr/lib/python3.5/urllib/request.py", line 1297, in https_open
    context=self._context, check_hostname=self._check_hostname)
  File "/usr/lib/python3.5/urllib/request.py", line 1256, in do_open
    raise URLError(err)
urllib.error.URLError: <urlopen error [Errno 99] Cannot assign requested address>

[INFO] (webifi) This package is up to date.
[INFO] (webim) This package is up to date.
[INFO] (webinfo) This package is up to date.
[INFO] (webinspect) This package is up to date.
[INFO] (webinspectapi) This package is up to date.
[ERROR] (webio) This package does not have downloadable releases.
[INFO] (webit) This package is up to date.
[INFO] (webium) This package is up to date.
[INFO] (webkin) This package is up to date.
[INFO] (webkit-server) This package is up to date.
[INFO] (webkit2png) This package is up to date.
[WARNING] 
[WARNING] Processing has taken more than 2100 seconds. Interrupting.
[WARNING] Processing will continue in next iteration.
[WARNING] 
[INFO] 
[INFO] 
[INFO] Total packages: 3023
[INFO]     Packages processed: 990
[INFO]         Packages updated: 4
[INFO]         Packages up-to-date: 906
[INFO]         Packages without response: 15
[INFO]         Packages without urls: 0
[INFO]         Packages without downloads: 51
[INFO]         Packages with data errors: 14
[INFO]     Packages not processed: 2033
[INFO] 
[INFO] 
[INFO] Ending execution.
