[INFO] Starting execution.
[INFO] Downloading package list from PyPI ...
[ERROR] (t) This package does not have downloadable releases.
[INFO] (t-b-sh) This package is up to date.
[INFO] (t-daemon) This package is up to date.
[INFO] (t-data-structures) This package is up to date.
[INFO] (t-datetime) This package is up to date.
[INFO] (t-decorators) This package is up to date.
[INFO] (t-dict) This package is up to date.
[INFO] (t-digest-clustering) This package is up to date.
[INFO] (t-helpers) This package is up to date.
[INFO] (t-io) This package is up to date.
[INFO] (t-logging) This package is up to date.
[INFO] (t-objects) This package is up to date.
[INFO] (t-process) This package is up to date.
[INFO] (t-sne-bhcuda) This package is up to date.
[INFO] (t-web-client) This package is up to date.
[INFO] (t2) This package is up to date.
[INFO] (t20180518) This package is up to date.
[ERROR] (t212) Could not get a response from API for this package. See below for details.
Traceback (most recent call last):
  File "/usr/local/lib/python3.5/dist-packages/pypicontents/api/pypi.py", line 264, in get_pkgdata
    timeout=10).read()
  File "/usr/lib/python3.5/urllib/request.py", line 163, in urlopen
    return opener.open(url, data, timeout)
  File "/usr/lib/python3.5/urllib/request.py", line 472, in open
    response = meth(req, response)
  File "/usr/lib/python3.5/urllib/request.py", line 582, in http_response
    'http', request, response, code, msg, hdrs)
  File "/usr/lib/python3.5/urllib/request.py", line 510, in error
    return self._call_chain(*args)
  File "/usr/lib/python3.5/urllib/request.py", line 444, in _call_chain
    result = func(*args)
  File "/usr/lib/python3.5/urllib/request.py", line 590, in http_error_default
    raise HTTPError(req.full_url, code, msg, hdrs, fp)
urllib.error.HTTPError: HTTP Error 404: Not Found

[INFO] (t2kdm) This package is up to date.
[INFO] (t2m) This package is up to date.
[INFO] (t2t) This package is up to date.
[INFO] (t3) This package is up to date.
[INFO] (t3-core) This package is up to date.
[INFO] (t3cf) This package is up to date.
[INFO] (t3cl) This package is up to date.
[INFO] (t3f) This package is up to date.
[INFO] (t3fieldlisttable) This package is up to date.
[INFO] (t3sphinxthemertd) This package is up to date.
[INFO] (t3tablerows) This package is up to date.
[INFO] (t3targets) This package is up to date.
[INFO] (t411api) This package is up to date.
[INFO] (t411cli) This package is up to date.
[INFO] (t4k) This package is up to date.
[INFO] (t5-worldgen) This package is up to date.
[ERROR] (t602parser) Could not extract data from this package. See below for details.
This package download URL does not point to a valid file: "http://kassiopeia.juls.savba.sk/~garabik/software/602/"
[INFO] (t616hack) This package is up to date.
[INFO] (t77-date) This package is up to date.
[INFO] (t800-winthread) This package is up to date.
[INFO] (ta) This package is up to date.
[INFO] (ta-lib) This package is up to date.
[INFO] (ta-report) This package is up to date.
[INFO] (ta4) This package is up to date.
[INFO] (taal) This package is up to date.
[INFO] (taar-loader) This package is up to date.
[INFO] (taarifaapi) This package is up to date.
[INFO] (taatik) This package is up to date.
[ERROR] (tab) This package does not have downloadable releases.
[INFO] (tab-osx) This package is up to date.
[INFO] (taba) This package is up to date.
[INFO] (tabbrasil) This package is up to date.
[INFO] (tabby) This package is up to date.
[ERROR] (tabcontrol) This package does not have downloadable releases.
[INFO] (tabellarius) This package is up to date.
[INFO] (tabfileio) This package is up to date.
[INFO] (tabfix) This package is up to date.
[INFO] (tabgeo) This package is up to date.
[INFO] (tabify) This package is up to date.
[INFO] (tabimport) This package is up to date.
[INFO] (tabipy) This package is up to date.
[INFO] (tabkit) This package is up to date.
[INFO] (tabkit3) This package is up to date.
[INFO] (table) This package is up to date.
[INFO] (table-compositor) This package is up to date.
[INFO] (table-creator) This package is up to date.
[INFO] (table-enforcer) This package is up to date.
[ERROR] (table-explorer) This package does not have downloadable releases.
[INFO] (table-extractor) This package is up to date.
[INFO] (table-logger) This package is up to date.
[INFO] (table-printer) This package is up to date.
[INFO] (table-string-sqlite-cell) This package is up to date.
[INFO] (table-writer) This package is up to date.
[INFO] (table2csv) This package is up to date.
[INFO] (table2dicts) This package is up to date.
[INFO] (tableau) This package is up to date.
[INFO] (tableau-rest-api) This package is up to date.
[INFO] (tableau-tools) This package is up to date.
[INFO] (tableaudocumentapi) This package is up to date.
[INFO] (tableaurest) This package is up to date.
[INFO] (tableauserverclient) This package is up to date.
[INFO] (tablecalculation) This package is up to date.
[INFO] (tableconvert) This package is up to date.
[INFO] (tabledata) This package is up to date.
[INFO] (tabledown) This package is up to date.
[INFO] (tabledraw) This package is up to date.
[INFO] (tablefactory) This package is up to date.
[INFO] (tableformatter) This package is up to date.
[ERROR] (tableh) This package does not have downloadable releases.
[INFO] (tableintuit) This package is up to date.
[INFO] (tableize) This package is up to date.
[INFO] (tablemate) This package is up to date.
[INFO] (tablemongo) This package is up to date.
[INFO] (tableone) This package is up to date.
[INFO] (tableprint) This package is up to date.
[INFO] (tableprinter) This package is up to date.
[INFO] (tablepyxl) This package is up to date.
[INFO] (tabler) This package is up to date.
[INFO] (tablereader) This package is up to date.
[INFO] (tables) This package is up to date.
[ERROR] (tables1-0-0) Could not get a response from API for this package. See below for details.
Traceback (most recent call last):
  File "/usr/local/lib/python3.5/dist-packages/pypicontents/api/pypi.py", line 264, in get_pkgdata
    timeout=10).read()
  File "/usr/lib/python3.5/urllib/request.py", line 163, in urlopen
    return opener.open(url, data, timeout)
  File "/usr/lib/python3.5/urllib/request.py", line 472, in open
    response = meth(req, response)
  File "/usr/lib/python3.5/urllib/request.py", line 582, in http_response
    'http', request, response, code, msg, hdrs)
  File "/usr/lib/python3.5/urllib/request.py", line 504, in error
    result = self._call_chain(*args)
  File "/usr/lib/python3.5/urllib/request.py", line 444, in _call_chain
    result = func(*args)
  File "/usr/lib/python3.5/urllib/request.py", line 696, in http_error_302
    return self.parent.open(new, timeout=req.timeout)
  File "/usr/lib/python3.5/urllib/request.py", line 472, in open
    response = meth(req, response)
  File "/usr/lib/python3.5/urllib/request.py", line 582, in http_response
    'http', request, response, code, msg, hdrs)
  File "/usr/lib/python3.5/urllib/request.py", line 510, in error
    return self._call_chain(*args)
  File "/usr/lib/python3.5/urllib/request.py", line 444, in _call_chain
    result = func(*args)
  File "/usr/lib/python3.5/urllib/request.py", line 590, in http_error_default
    raise HTTPError(req.full_url, code, msg, hdrs, fp)
urllib.error.HTTPError: HTTP Error 404: Not Found

[INFO] (tableschema) This package is up to date.
[INFO] (tableschema-bigquery) This package is up to date.
[INFO] (tableschema-ckan-datastore) This package is up to date.
[INFO] (tableschema-elasticsearch) This package is up to date.
[INFO] (tableschema-pandas) This package is up to date.
[INFO] (tableschema-spss) This package is up to date.
[INFO] (tableschema-sql) This package is up to date.
[INFO] (tablesnap) This package is up to date.
[INFO] (tablestore) This package is up to date.
[INFO] (tablet) This package is up to date.
[INFO] (tabletest) This package is up to date.
[INFO] (tabletest3) This package is up to date.
[INFO] (tabletext) This package is up to date.
[INFO] (tabletop-pta) This package is up to date.
[INFO] (tablets) This package is up to date.
[INFO] (tableutil) This package is up to date.
[INFO] (tableview) This package is up to date.
[INFO] (tablib) This package is up to date.
[INFO] (tablib-garetjax) This package is up to date.
[INFO] (tablign) This package is up to date.
[INFO] (tablist) This package is up to date.
[INFO] (tablo) This package is up to date.
[INFO] (tabloid) This package is up to date.
[INFO] (tablr) This package is up to date.
[INFO] (tabmaker) This package is up to date.
[INFO] (tabola) This package is up to date.
[INFO] (taboo) This package is up to date.
[INFO] (tabpy-client) This package is up to date.
[INFO] (tabpy-server) This package is up to date.
[INFO] (tabql) This package is up to date.
[ERROR] (tabriz) This package does not have downloadable releases.
[INFO] (tabs) This package is up to date.
[INFO] (tabtool) This package is up to date.
[INFO] (tabtools) This package is up to date.
[INFO] (tabtosql) This package is up to date.
[INFO] (tabtree) This package is up to date.
[INFO] (tabula) This package is up to date.
[INFO] (tabula-py) This package is up to date.
[INFO] (tabular) This package is up to date.
[INFO] (tabular-dataset) This package is up to date.
[INFO] (tabular-print) This package is up to date.
[INFO] (tabulate) This package is up to date.
[INFO] (tabulator) This package is up to date.
[INFO] (tabutils) This package is up to date.
[INFO] (tabview) This package is up to date.
[INFO] (taca) This package is up to date.
[INFO] (tacacs-plus) This package is up to date.
[INFO] (tacconfig) This package is up to date.
[INFO] (tache) This package is up to date.
[INFO] (tachyon) This package is up to date.
[INFO] (tachyon3) This package is up to date.
[INFO] (tachyonic-datapi) This package is up to date.
[INFO] (tachyonic-monapi) This package is up to date.
[INFO] (tachyonic-pysmartsmtp) This package is up to date.
[INFO] (tachyonic-sphinx) This package is up to date.
[INFO] (tacit) This package is up to date.
[INFO] (tack) This package is up to date.
[INFO] (tackdb) This package is up to date.
[INFO] (tacker) This package is up to date.
[INFO] (tacker-horizon) This package is up to date.
[INFO] (tackle) This package is up to date.
[INFO] (tackpy) This package is up to date.
[INFO] (tacl) This package is up to date.
[INFO] (tacl-catalogue-manager) This package is up to date.
[INFO] (tacman) This package is up to date.
[INFO] (taco) This package is up to date.
[INFO] (taco-py) This package is up to date.
[INFO] (tacocapstone) This package is up to date.
[INFO] (tacocapstone-prebuilt) This package is up to date.
[INFO] (tacot) This package is up to date.
[INFO] (tacpy) This package is up to date.
[INFO] (tactic-client-lib) This package is up to date.
[ERROR] (tada) This package does not have downloadable releases.
[INFO] (tada0-toddler-neural-network) This package is up to date.
[INFO] (tadanounigram) This package is up to date.
[INFO] (tadasets) This package is up to date.
[INFO] (tadc-import-validator) This package is up to date.
[INFO] (tadlib) This package is up to date.
[INFO] (tadpole) This package is up to date.
[INFO] (tadtool) This package is up to date.
[INFO] (taemin) This package is up to date.
[INFO] (taeper) This package is up to date.
[INFO] (taffmat) This package is up to date.
[INFO] (taffrail) This package is up to date.
[INFO] (taft) This package is up to date.
[INFO] (tag) This package is up to date.
[INFO] (tag-counter) This package is up to date.
[INFO] (tag-expressions) This package is up to date.
[INFO] (tag-processor) This package is up to date.
[INFO] (tag-text-extractor) This package is up to date.
[INFO] (tag-version) This package is up to date.
[INFO] (tag-wrap) This package is up to date.
[INFO] (tag2env) This package is up to date.
[INFO] (tag2network) This package is up to date.
[ERROR] (tag2trend) This package does not have downloadable releases.
[INFO] (tagalog) This package is up to date.
[INFO] (tagarela) This package is up to date.
[ERROR] (tagberry) This package does not have downloadable releases.
[ERROR] (tagbot) This package does not have downloadable releases.
[ERROR] (tagcache) Could not get a response from API for this package. See below for details.
Traceback (most recent call last):
  File "/usr/lib/python3.5/urllib/request.py", line 1254, in do_open
    h.request(req.get_method(), req.selector, req.data, headers)
  File "/usr/lib/python3.5/http/client.py", line 1107, in request
    self._send_request(method, url, body, headers)
  File "/usr/lib/python3.5/http/client.py", line 1152, in _send_request
    self.endheaders(body)
  File "/usr/lib/python3.5/http/client.py", line 1103, in endheaders
    self._send_output(message_body)
  File "/usr/lib/python3.5/http/client.py", line 934, in _send_output
    self.send(msg)
  File "/usr/lib/python3.5/http/client.py", line 877, in send
    self.connect()
  File "/usr/lib/python3.5/http/client.py", line 1253, in connect
    super().connect()
  File "/usr/lib/python3.5/http/client.py", line 849, in connect
    (self.host,self.port), self.timeout, self.source_address)
  File "/usr/lib/python3.5/socket.py", line 712, in create_connection
    raise err
  File "/usr/lib/python3.5/socket.py", line 703, in create_connection
    sock.connect(sa)
OSError: [Errno 99] Cannot assign requested address

During handling of the above exception, another exception occurred:

Traceback (most recent call last):
  File "/usr/local/lib/python3.5/dist-packages/pypicontents/api/pypi.py", line 264, in get_pkgdata
    timeout=10).read()
  File "/usr/lib/python3.5/urllib/request.py", line 163, in urlopen
    return opener.open(url, data, timeout)
  File "/usr/lib/python3.5/urllib/request.py", line 472, in open
    response = meth(req, response)
  File "/usr/lib/python3.5/urllib/request.py", line 582, in http_response
    'http', request, response, code, msg, hdrs)
  File "/usr/lib/python3.5/urllib/request.py", line 504, in error
    result = self._call_chain(*args)
  File "/usr/lib/python3.5/urllib/request.py", line 444, in _call_chain
    result = func(*args)
  File "/usr/lib/python3.5/urllib/request.py", line 696, in http_error_302
    return self.parent.open(new, timeout=req.timeout)
  File "/usr/lib/python3.5/urllib/request.py", line 466, in open
    response = self._open(req, data)
  File "/usr/lib/python3.5/urllib/request.py", line 484, in _open
    '_open', req)
  File "/usr/lib/python3.5/urllib/request.py", line 444, in _call_chain
    result = func(*args)
  File "/usr/lib/python3.5/urllib/request.py", line 1297, in https_open
    context=self._context, check_hostname=self._check_hostname)
  File "/usr/lib/python3.5/urllib/request.py", line 1256, in do_open
    raise URLError(err)
urllib.error.URLError: <urlopen error [Errno 99] Cannot assign requested address>

[INFO] (tagcash) This package is up to date.
[INFO] (tagcli) This package is up to date.
[INFO] (tagcloser) This package is up to date.
[INFO] (tagcube-cli) This package is up to date.
[INFO] (tagfs) This package is up to date.
[ERROR] (tagg) Could not get a response from API for this package. See below for details.
Traceback (most recent call last):
  File "/usr/lib/python3.5/urllib/request.py", line 1254, in do_open
    h.request(req.get_method(), req.selector, req.data, headers)
  File "/usr/lib/python3.5/http/client.py", line 1107, in request
    self._send_request(method, url, body, headers)
  File "/usr/lib/python3.5/http/client.py", line 1152, in _send_request
    self.endheaders(body)
  File "/usr/lib/python3.5/http/client.py", line 1103, in endheaders
    self._send_output(message_body)
  File "/usr/lib/python3.5/http/client.py", line 934, in _send_output
    self.send(msg)
  File "/usr/lib/python3.5/http/client.py", line 877, in send
    self.connect()
  File "/usr/lib/python3.5/http/client.py", line 1253, in connect
    super().connect()
  File "/usr/lib/python3.5/http/client.py", line 849, in connect
    (self.host,self.port), self.timeout, self.source_address)
  File "/usr/lib/python3.5/socket.py", line 712, in create_connection
    raise err
  File "/usr/lib/python3.5/socket.py", line 703, in create_connection
    sock.connect(sa)
OSError: [Errno 99] Cannot assign requested address

During handling of the above exception, another exception occurred:

Traceback (most recent call last):
  File "/usr/local/lib/python3.5/dist-packages/pypicontents/api/pypi.py", line 264, in get_pkgdata
    timeout=10).read()
  File "/usr/lib/python3.5/urllib/request.py", line 163, in urlopen
    return opener.open(url, data, timeout)
  File "/usr/lib/python3.5/urllib/request.py", line 466, in open
    response = self._open(req, data)
  File "/usr/lib/python3.5/urllib/request.py", line 484, in _open
    '_open', req)
  File "/usr/lib/python3.5/urllib/request.py", line 444, in _call_chain
    result = func(*args)
  File "/usr/lib/python3.5/urllib/request.py", line 1297, in https_open
    context=self._context, check_hostname=self._check_hostname)
  File "/usr/lib/python3.5/urllib/request.py", line 1256, in do_open
    raise URLError(err)
urllib.error.URLError: <urlopen error [Errno 99] Cannot assign requested address>

[INFO] (taggable) This package is up to date.
[INFO] (taggd) This package is up to date.
[INFO] (tagger) This package is up to date.
[INFO] (tagging) This package is up to date.
[INFO] (taggit-selectize) This package is up to date.
[INFO] (taggo) This package is up to date.
[INFO] (taggregator) This package is up to date.
[INFO] (taggy) This package is up to date.
[INFO] (tagify) This package is up to date.
[INFO] (tagineer) This package is up to date.
[INFO] (taglightswitch) This package is up to date.
[INFO] (tagman) This package is up to date.
[INFO] (tagme) This package is up to date.
[INFO] (tagnews) This package is up to date.
[INFO] (tago) This package is up to date.
[INFO] (tagpro-eu) This package is up to date.
[INFO] (tagpy) This package is up to date.
[INFO] (tagrelease) This package is up to date.
[INFO] (tags) This package is up to date.
[INFO] (tags2sdists) This package is up to date.
[ERROR] (tagsana) This package does not have downloadable releases.
[INFO] (tagscriptengine) This package is up to date.
[INFO] (tagsieve) This package is up to date.
[INFO] (tagstats) This package is up to date.
[INFO] (tagtool) This package is up to date.
[INFO] (tagtools) This package is up to date.
[INFO] (tagword) This package is up to date.
[INFO] (tagy) This package is up to date.
[ERROR] (tah) Could not extract data from this package. See below for details.
This package download URL does not point to a valid file: "http://bitbucket.org/mg/tah/downloads/"
[INFO] (tahchee) This package is up to date.
[INFO] (tahmid-nester) This package is up to date.
[INFO] (tahoe) This package is up to date.
[ERROR] (tahoe-gui) This package does not have downloadable releases.
[INFO] (tahoe-lafs) This package is up to date.
[ERROR] (tahoe-lafs-gui) This package does not have downloadable releases.
[INFO] (tahoe-whoosh) This package is up to date.
[INFO] (tahoma-api) This package is up to date.
[INFO] (tahrir) This package is up to date.
[INFO] (tahrir-api) This package is up to date.
[INFO] (tai) This package is up to date.
[INFO] (tai5-uan5-gian5-gi2-hok8-bu7) This package is up to date.
[INFO] (tai5-uan5-gian5-gi2-kang1-ku7) This package is up to date.
[INFO] (tai5-uan5-gian5-gi2-phing5-tai5) This package is up to date.
[INFO] (tai5-uan5-gian5-gi2-tsu1-liau7-khoo3) This package is up to date.
[INFO] (tai64n) This package is up to date.
[ERROR] (taiba) Could not get a response from API for this package. See below for details.
Traceback (most recent call last):
  File "/usr/local/lib/python3.5/dist-packages/pypicontents/api/pypi.py", line 264, in get_pkgdata
    timeout=10).read()
  File "/usr/lib/python3.5/urllib/request.py", line 163, in urlopen
    return opener.open(url, data, timeout)
  File "/usr/lib/python3.5/urllib/request.py", line 472, in open
    response = meth(req, response)
  File "/usr/lib/python3.5/urllib/request.py", line 582, in http_response
    'http', request, response, code, msg, hdrs)
  File "/usr/lib/python3.5/urllib/request.py", line 504, in error
    result = self._call_chain(*args)
  File "/usr/lib/python3.5/urllib/request.py", line 444, in _call_chain
    result = func(*args)
  File "/usr/lib/python3.5/urllib/request.py", line 696, in http_error_302
    return self.parent.open(new, timeout=req.timeout)
  File "/usr/lib/python3.5/urllib/request.py", line 472, in open
    response = meth(req, response)
  File "/usr/lib/python3.5/urllib/request.py", line 582, in http_response
    'http', request, response, code, msg, hdrs)
  File "/usr/lib/python3.5/urllib/request.py", line 510, in error
    return self._call_chain(*args)
  File "/usr/lib/python3.5/urllib/request.py", line 444, in _call_chain
    result = func(*args)
  File "/usr/lib/python3.5/urllib/request.py", line 590, in http_error_default
    raise HTTPError(req.full_url, code, msg, hdrs, fp)
urllib.error.HTTPError: HTTP Error 404: Not Found

[INFO] (taichi) This package is up to date.
[INFO] (taiga-contrib-fas-openid-auth) This package is up to date.
[INFO] (taiga-contrib-github-auth) This package is up to date.
[INFO] (taiga-contrib-gitlab-auth) This package is up to date.
[INFO] (taiga-contrib-gitlab-auth-official) This package is up to date.
[INFO] (taiga-contrib-gogs) This package is up to date.
[INFO] (taiga-contrib-google-auth2) This package is up to date.
[INFO] (taiga-contrib-hall) This package is up to date.
[INFO] (taiga-contrib-hipchat) This package is up to date.
[INFO] (taiga-contrib-kerberos-auth) This package is up to date.
[INFO] (taiga-contrib-ldap-auth) This package is up to date.
[INFO] (taiga-contrib-ldap-auth-ext) This package is up to date.
[INFO] (taiga-contrib-letschat) This package is up to date.
[INFO] (taiga-contrib-mailchimp-subscription) This package is up to date.
[INFO] (taiga-contrib-mailjet-subscription) This package is up to date.
[INFO] (taiga-contrib-ping-federate-auth) This package is up to date.
[INFO] (taiga-contrib-saml-auth) This package is up to date.
[INFO] (taiga-contrib-slack) This package is up to date.
[INFO] (taiga-contrib-slack-auth) This package is up to date.
[INFO] (taiga-plugin-iframe) This package is up to date.
[INFO] (taiga-sprint-printer) This package is up to date.
[INFO] (taigacli) This package is up to date.
[INFO] (taigapy) This package is up to date.
[INFO] (taigi-tools) This package is up to date.
[INFO] (taika) This package is up to date.
[INFO] (tail-toolkit) This package is up to date.
[INFO] (tail-tools) This package is up to date.
[INFO] (tailall) This package is up to date.
[INFO] (tailbone) This package is up to date.
[INFO] (tailchart) This package is up to date.
[ERROR] (tailchaser) Could not extract data from this package. See below for details.
Unsupported package directory structure.
[INFO] (tailcolor) This package is up to date.
[INFO] (taileff) This package is up to date.
[INFO] (tailer) This package is up to date.
[INFO] (tailer3) This package is up to date.
[INFO] (tailhead) This package is up to date.
[INFO] (taillight) This package is up to date.
[INFO] (tailon) This package is up to date.
[INFO] (tailopt) This package is up to date.
[INFO] (tailor) This package is up to date.
[INFO] (tailorbear) This package is up to date.
[INFO] (tailow) This package is up to date.
[INFO] (tailpy) This package is up to date.
[INFO] (tails) This package is up to date.
[INFO] (tailsocket) This package is up to date.
[INFO] (tailspin) This package is up to date.
[INFO] (taint-analysis) This package is up to date.
[INFO] (taintedswallow) This package is up to date.
[INFO] (taio) This package is up to date.
[INFO] (taipan) This package is up to date.
[INFO] (taiwan-address) This package is up to date.
[INFO] (taiwanese-speech-and-text-corpus) This package is up to date.
[INFO] (tajo-client) This package is up to date.
[INFO] (tak) This package is up to date.
[INFO] (takahirohelloworld) This package is up to date.
[INFO] (takai) This package is up to date.
[INFO] (takayi) This package is up to date.
[INFO] (take) This package is up to date.
[INFO] (take-break) This package is up to date.
[INFO] (takeaway) This package is up to date.
[ERROR] (takenote) Could not extract data from this package. See below for details.
"http://rasm.ods.org/takenote/download/takenote-0.4.5.tar.gz" file could not be downloaded. See below for details.
Traceback (most recent call last):
  File "/usr/lib/python3.5/urllib/request.py", line 1254, in do_open
    h.request(req.get_method(), req.selector, req.data, headers)
  File "/usr/lib/python3.5/http/client.py", line 1107, in request
    self._send_request(method, url, body, headers)
  File "/usr/lib/python3.5/http/client.py", line 1152, in _send_request
    self.endheaders(body)
  File "/usr/lib/python3.5/http/client.py", line 1103, in endheaders
    self._send_output(message_body)
  File "/usr/lib/python3.5/http/client.py", line 934, in _send_output
    self.send(msg)
  File "/usr/lib/python3.5/http/client.py", line 877, in send
    self.connect()
  File "/usr/lib/python3.5/http/client.py", line 849, in connect
    (self.host,self.port), self.timeout, self.source_address)
  File "/usr/lib/python3.5/socket.py", line 712, in create_connection
    raise err
  File "/usr/lib/python3.5/socket.py", line 703, in create_connection
    sock.connect(sa)
socket.timeout: timed out

During handling of the above exception, another exception occurred:

Traceback (most recent call last):
  File "/usr/local/lib/python3.5/dist-packages/pypicontents/api/pypi.py", line 107, in download_tar
    f.write(urlopen(url=urlesc(pkgurl), timeout=10).read())
  File "/usr/lib/python3.5/urllib/request.py", line 163, in urlopen
    return opener.open(url, data, timeout)
  File "/usr/lib/python3.5/urllib/request.py", line 466, in open
    response = self._open(req, data)
  File "/usr/lib/python3.5/urllib/request.py", line 484, in _open
    '_open', req)
  File "/usr/lib/python3.5/urllib/request.py", line 444, in _call_chain
    result = func(*args)
  File "/usr/lib/python3.5/urllib/request.py", line 1282, in http_open
    return self.do_open(http.client.HTTPConnection, req)
  File "/usr/lib/python3.5/urllib/request.py", line 1256, in do_open
    raise URLError(err)
urllib.error.URLError: <urlopen error timed out>

[ERROR] (takeoff) This package does not have downloadable releases.
[INFO] (takethetime) This package is up to date.
[INFO] (taki) This package is up to date.
[INFO] (tako) This package is up to date.
[INFO] (takoshell) This package is up to date.
[ERROR] (taksman) This package does not have downloadable releases.
[INFO] (takuhai) This package is up to date.
[INFO] (takumi) This package is up to date.
[INFO] (takumi-cli) This package is up to date.
[INFO] (takumi-client) This package is up to date.
[INFO] (takumi-config) This package is up to date.
[INFO] (takumi-ext) This package is up to date.
[INFO] (takumi-http) This package is up to date.
[INFO] (takumi-service) This package is up to date.
[INFO] (takumi-sqlalchemy) This package is up to date.
[INFO] (takumi-thrift) This package is up to date.
[INFO] (tal0n) This package is up to date.
[INFO] (talalprotocol) This package is up to date.
[INFO] (talaria) This package is up to date.
[INFO] (tale) This package is up to date.
[INFO] (talentcircles) This package is up to date.
[INFO] (talepy) This package is up to date.
[INFO] (taliabeeio) This package is up to date.
[INFO] (taliabeez) This package is up to date.
[INFO] (talib) This package is up to date.
[ERROR] (talib-extensions) This package does not have downloadable releases.
[INFO] (taliffdb) This package is up to date.
[INFO] (talis) This package is up to date.
[INFO] (talisker) This package is up to date.
[INFO] (talisker-fork) This package is up to date.
[INFO] (talisman) This package is up to date.
[INFO] (talk) This package is up to date.
[INFO] (talk-video-uploader) This package is up to date.
[INFO] (talka2z) This package is up to date.
[INFO] (talkey) This package is up to date.
[INFO] (talkscript2media) This package is up to date.
[INFO] (talkzoho) This package is up to date.
[INFO] (tallinja-balance) This package is up to date.
[INFO] (talljosh) This package is up to date.
[INFO] (tally) This package is up to date.
[INFO] (tallyclient) This package is up to date.
[INFO] (tallywallet-common) This package is up to date.
[INFO] (talon) This package is up to date.
[INFO] (talons) This package is up to date.
[INFO] (talons-auth-oauth) This package is up to date.
[INFO] (talonspider) This package is up to date.
[INFO] (talos) This package is up to date.
[INFO] (talospider) This package is up to date.
[INFO] (talview) This package is up to date.
[INFO] (tam) This package is up to date.
[ERROR] (tamago) Could not get a response from API for this package. See below for details.
Traceback (most recent call last):
  File "/usr/local/lib/python3.5/dist-packages/pypicontents/api/pypi.py", line 264, in get_pkgdata
    timeout=10).read()
  File "/usr/lib/python3.5/urllib/request.py", line 163, in urlopen
    return opener.open(url, data, timeout)
  File "/usr/lib/python3.5/urllib/request.py", line 472, in open
    response = meth(req, response)
  File "/usr/lib/python3.5/urllib/request.py", line 582, in http_response
    'http', request, response, code, msg, hdrs)
  File "/usr/lib/python3.5/urllib/request.py", line 510, in error
    return self._call_chain(*args)
  File "/usr/lib/python3.5/urllib/request.py", line 444, in _call_chain
    result = func(*args)
  File "/usr/lib/python3.5/urllib/request.py", line 590, in http_error_default
    raise HTTPError(req.full_url, code, msg, hdrs, fp)
urllib.error.HTTPError: HTTP Error 404: Not Found

[INFO] (tamarack) This package is up to date.
[INFO] (tamarin) This package is up to date.
[INFO] (tamber) This package is up to date.
[INFO] (tambo) This package is up to date.
[INFO] (tambur) This package is up to date.
[INFO] (tamcolors) This package is up to date.
[INFO] (tamia) This package is up to date.
[INFO] (tamkin) This package is up to date.
[INFO] (tamme-python) This package is up to date.
[INFO] (tamper) This package is up to date.
[INFO] (tan-printallfilesanddir) This package is up to date.
[INFO] (tan-printlist) This package is up to date.
[INFO] (tan-utils) This package is up to date.
[INFO] (tanbang-cafeteria) This package is up to date.
[INFO] (tanbing1011) This package is up to date.
[INFO] (tang) This package is up to date.
[INFO] (tang-dy) This package is up to date.
[INFO] (tangdk) This package is up to date.
[INFO] (tangelo) This package is up to date.
[INFO] (tangent) This package is up to date.
[INFO] (tangent-tokenauth) This package is up to date.
[INFO] (tangentdeployer) This package is up to date.
[INFO] (tangerine) This package is up to date.
[INFO] (tangible) This package is up to date.
[INFO] (tangier-api) This package is up to date.
[INFO] (tangle) This package is up to date.
[INFO] (tangled) This package is up to date.
[INFO] (tangled-auth) This package is up to date.
[INFO] (tangled-contrib) This package is up to date.
[INFO] (tangled-mako) This package is up to date.
[INFO] (tangled-session) This package is up to date.
[INFO] (tangled-site) This package is up to date.
[INFO] (tangled-sqlalchemy) This package is up to date.
[INFO] (tangled-web) This package is up to date.
[INFO] (tango) This package is up to date.
[INFO] (tango-admin) This package is up to date.
[INFO] (tango-articles) This package is up to date.
[INFO] (tango-autotagger) This package is up to date.
[INFO] (tango-capo) This package is up to date.
[ERROR] (tango-chatango) This package does not have downloadable releases.
[INFO] (tango-comments) This package is up to date.
[INFO] (tango-contact-manager) This package is up to date.
[INFO] (tango-happenings) This package is up to date.
[INFO] (tango-photos) This package is up to date.
[ERROR] (tango-project-algencan) Could not extract data from this package. See below for details.
This package download URL does not point to a valid file: "http://www.ime.usp.br/~egbirgin/tango/"
[INFO] (tango-shared-core) This package is up to date.
[INFO] (tango-simlib) This package is up to date.
[INFO] (tango-voting) This package is up to date.
[INFO] (tangocard-raasv2) This package is up to date.
[INFO] (tangos) This package is up to date.
[INFO] (tangram-bundler) This package is up to date.
[INFO] (tank-utility) This package is up to date.
[INFO] (tankard) This package is up to date.
[INFO] (tankbuster) This package is up to date.
[INFO] (tanker) This package is up to date.
[INFO] (tankersdk-user-token) This package is up to date.
[INFO] (tantan) This package is up to date.
[INFO] (tanto) This package is up to date.
[INFO] (tanuki) This package is up to date.
[ERROR] (tanuki-nester) This package does not have downloadable releases.
[ERROR] (tanuna) This package does not have downloadable releases.
[INFO] (tanyj-wester) This package is up to date.
[INFO] (tanzil-transreader) This package is up to date.
[ERROR] (tao) Could not extract data from this package. See below for details.
"http://www.mcs.anl.gov/research/projects/tao/download/tao-2.2.2.tar.gz#egg=tao-2.2.2" file could not be downloaded. See below for details.
Traceback (most recent call last):
  File "/usr/local/lib/python3.5/dist-packages/pypicontents/api/pypi.py", line 107, in download_tar
    f.write(urlopen(url=urlesc(pkgurl), timeout=10).read())
  File "/usr/lib/python3.5/urllib/request.py", line 163, in urlopen
    return opener.open(url, data, timeout)
  File "/usr/lib/python3.5/urllib/request.py", line 472, in open
    response = meth(req, response)
  File "/usr/lib/python3.5/urllib/request.py", line 582, in http_response
    'http', request, response, code, msg, hdrs)
  File "/usr/lib/python3.5/urllib/request.py", line 510, in error
    return self._call_chain(*args)
  File "/usr/lib/python3.5/urllib/request.py", line 444, in _call_chain
    result = func(*args)
  File "/usr/lib/python3.5/urllib/request.py", line 590, in http_error_default
    raise HTTPError(req.full_url, code, msg, hdrs, fp)
urllib.error.HTTPError: HTTP Error 404: Not Found

[INFO] (tao1) This package is up to date.
[INFO] (tao4py) This package is up to date.
[ERROR] (taobao) This package does not have downloadable releases.
[INFO] (taobao-tmc-py) This package is up to date.
[INFO] (taobaopy) This package is up to date.
[INFO] (taobaopy6) This package is up to date.
[ERROR] (taobaoshopperformance) This package does not have downloadable releases.
[INFO] (taoge-blog) This package is up to date.
[INFO] (taolunet) This package is up to date.
[INFO] (tap) This package is up to date.
[INFO] (tap-adwords) This package is up to date.
[INFO] (tap-amplitude) This package is up to date.
[INFO] (tap-appsflyer) This package is up to date.
[INFO] (tap-as-a-service) This package is up to date.
[INFO] (tap-autopilot) This package is up to date.
[INFO] (tap-awin) This package is up to date.
[INFO] (tap-bing-ads) This package is up to date.
[INFO] (tap-braintree) This package is up to date.
[INFO] (tap-bronto) This package is up to date.
[INFO] (tap-closeio) This package is up to date.
[INFO] (tap-clubhouse) This package is up to date.
[INFO] (tap-codat) This package is up to date.
[INFO] (tap-criteo) This package is up to date.
[INFO] (tap-db2) This package is up to date.
[INFO] (tap-doubleclick-campaign-manager) This package is up to date.
[INFO] (tap-emarsys) This package is up to date.
[INFO] (tap-exacttarget) This package is up to date.
[INFO] (tap-facebook) This package is up to date.
[INFO] (tap-facebook-posts) This package is up to date.
[INFO] (tap-fixerio) This package is up to date.
[INFO] (tap-freshdesk) This package is up to date.
[INFO] (tap-fullstory) This package is up to date.
[INFO] (tap-getstat) Data has been updated for this package.
[INFO] (tap-github) This package is up to date.
[INFO] (tap-gitlab) This package is up to date.
[INFO] (tap-harvest) This package is up to date.
[INFO] (tap-hubspot) This package is up to date.
[INFO] (tap-intacct) This package is up to date.
[INFO] (tap-jira) This package is up to date.
[INFO] (tap-klaviyo) This package is up to date.
[INFO] (tap-listrak) This package is up to date.
[INFO] (tap-lol) This package is up to date.
[INFO] (tap-marketo) This package is up to date.
[INFO] (tap-mixpanel) This package is up to date.
[INFO] (tap-mysql) This package is up to date.
[INFO] (tap-news-utils) This package is up to date.
[INFO] (tap-oracle) This package is up to date.
[INFO] (tap-outbrain) This package is up to date.
[INFO] (tap-pipedrive) This package is up to date.
[INFO] (tap-postgres) This package is up to date.
[INFO] (tap-purecloud) Data has been updated for this package.
[INFO] (tap-py) This package is up to date.
[INFO] (tap-quickbase) This package is up to date.
[INFO] (tap-redshift) This package is up to date.
[INFO] (tap-referral-saasquatch) This package is up to date.
[INFO] (tap-retailnext) This package is up to date.
[INFO] (tap-reviewscouk) This package is up to date.
[INFO] (tap-s3-csv) This package is up to date.
[INFO] (tap-salesforce) This package is up to date.
[INFO] (tap-selligent) This package is up to date.
[INFO] (tap-sendgrid) This package is up to date.
[INFO] (tap-shippo) This package is up to date.
[INFO] (tap-taboola) This package is up to date.
[INFO] (tap-twitter) This package is up to date.
[INFO] (tap-urban-airship) This package is up to date.
[INFO] (tap-uservoice) This package is up to date.
[INFO] (tap-utils) This package is up to date.
[INFO] (tap-woocommerce) This package is up to date.
[INFO] (tap-wootric) This package is up to date.
[INFO] (tap-xero) This package is up to date.
[INFO] (tap-yotpo) This package is up to date.
[INFO] (tap-zendesk) This package is up to date.
[INFO] (tap-zendesk-chat) This package is up to date.
[INFO] (tap-zuora) This package is up to date.
[INFO] (tap2junit) This package is up to date.
[INFO] (tapas) This package is up to date.
[INFO] (tapblue) This package is up to date.
[INFO] (tapclipy) This package is up to date.
[ERROR] (tape) This package does not have downloadable releases.
[INFO] (tapes) This package is up to date.
[INFO] (tapestry) This package is up to date.
[ERROR] (tapete) Could not extract data from this package. See below for details.
"http://www.wagnertoscano.eti.br/Aplicacoes/Tapete-1.0.tar.gz" file could not be downloaded. See below for details.
Traceback (most recent call last):
  File "/usr/local/lib/python3.5/dist-packages/pypicontents/api/pypi.py", line 107, in download_tar
    f.write(urlopen(url=urlesc(pkgurl), timeout=10).read())
  File "/usr/lib/python3.5/urllib/request.py", line 163, in urlopen
    return opener.open(url, data, timeout)
  File "/usr/lib/python3.5/urllib/request.py", line 472, in open
    response = meth(req, response)
  File "/usr/lib/python3.5/urllib/request.py", line 582, in http_response
    'http', request, response, code, msg, hdrs)
  File "/usr/lib/python3.5/urllib/request.py", line 510, in error
    return self._call_chain(*args)
  File "/usr/lib/python3.5/urllib/request.py", line 444, in _call_chain
    result = func(*args)
  File "/usr/lib/python3.5/urllib/request.py", line 590, in http_error_default
    raise HTTPError(req.full_url, code, msg, hdrs, fp)
urllib.error.HTTPError: HTTP Error 404: Not Found

[INFO] (tapi) This package is up to date.
[INFO] (tapioca) This package is up to date.
[INFO] (tapioca-asana) This package is up to date.
[INFO] (tapioca-bitbucket) This package is up to date.
[INFO] (tapioca-bookingsync) This package is up to date.
[INFO] (tapioca-braspag) This package is up to date.
[INFO] (tapioca-camara) This package is up to date.
[INFO] (tapioca-cartola) This package is up to date.
[INFO] (tapioca-circleci) This package is up to date.
[INFO] (tapioca-cloudez) This package is up to date.
[INFO] (tapioca-crunchbase) This package is up to date.
[INFO] (tapioca-desk) This package is up to date.
[INFO] (tapioca-discourse) This package is up to date.
[INFO] (tapioca-disqus) This package is up to date.
[INFO] (tapioca-enotas) This package is up to date.
[INFO] (tapioca-facebook) This package is up to date.
[INFO] (tapioca-github) This package is up to date.
[INFO] (tapioca-github-vinta) This package is up to date.
[INFO] (tapioca-google) This package is up to date.
[INFO] (tapioca-harvest) This package is up to date.
[INFO] (tapioca-instagram) This package is up to date.
[INFO] (tapioca-iugu) This package is up to date.
[INFO] (tapioca-jarbas) This package is up to date.
[INFO] (tapioca-linkedin) This package is up to date.
[INFO] (tapioca-mailgun) This package is up to date.
[INFO] (tapioca-mandrill) This package is up to date.
[INFO] (tapioca-meetup) This package is up to date.
[INFO] (tapioca-meetup-client) This package is up to date.
[INFO] (tapioca-nessus) This package is up to date.
[INFO] (tapioca-otter) This package is up to date.
[INFO] (tapioca-parse) This package is up to date.
[INFO] (tapioca-rocketchat) This package is up to date.
[INFO] (tapioca-senado) This package is up to date.
[INFO] (tapioca-ssllabs) This package is up to date.
[INFO] (tapioca-statuspage) This package is up to date.
[INFO] (tapioca-telegram) This package is up to date.
[INFO] (tapioca-toggl) This package is up to date.
[INFO] (tapioca-trello) This package is up to date.
[INFO] (tapioca-trustwave-appscanner) This package is up to date.
[INFO] (tapioca-twitter) This package is up to date.
[INFO] (tapioca-wrapper) This package is up to date.
[INFO] (tapioca-youtube) This package is up to date.
[INFO] (tapir) This package is up to date.
[INFO] (taplytics) This package is up to date.
[INFO] (tapmap) This package is up to date.
[INFO] (tapns3) This package is up to date.
[INFO] (tapp-config) This package is up to date.
[INFO] (tapper) This package is up to date.
[INFO] (tappy) This package is up to date.
[INFO] (tapsaff) This package is up to date.
[ERROR] (tapsimple) This package does not have downloadable releases.
[INFO] (taptaptap) This package is up to date.
[INFO] (taptaptap3) This package is up to date.
[INFO] (taptogo) This package is up to date.
[INFO] (taqdir) This package is up to date.
[INFO] (taqini) This package is up to date.
[INFO] (tar-progress) This package is up to date.
[INFO] (tarakimu) This package is up to date.
[ERROR] (taral-package) This package does not have downloadable releases.
[ERROR] (taral-sample) This package does not have downloadable releases.
[ERROR] (taram) This package does not have downloadable releases.
[INFO] (taran) This package is up to date.
[INFO] (tarantool) This package is up to date.
[INFO] (tarantool-py3) This package is up to date.
[INFO] (tarantool-pytap13) This package is up to date.
[INFO] (tarantool-queue) This package is up to date.
[INFO] (tarantool-utils) This package is up to date.
[INFO] (tarantula) This package is up to date.
[INFO] (taras-django-fields) This package is up to date.
[INFO] (taras-python26) This package is up to date.
[INFO] (taras-recipe-distutils) This package is up to date.
[INFO] (tarbackup) This package is up to date.
[INFO] (tarbell) This package is up to date.
[INFO] (tardbm) This package is up to date.
[INFO] (tardigrade) This package is up to date.
[ERROR] (tardis) This package does not have downloadable releases.
[INFO] (tardis-sn) This package is up to date.
[INFO] (tardis-time) This package is up to date.
[INFO] (tardocken) This package is up to date.
[INFO] (tardy) This package is up to date.
[INFO] (taretto) This package is up to date.
[ERROR] (tarfile-scanner) Could not extract data from this package. See below for details.
"http://www.procoders.net/wp-content/tarfile_scanner.zip" file could not be downloaded. See below for details.
Traceback (most recent call last):
  File "/usr/local/lib/python3.5/dist-packages/pypicontents/api/pypi.py", line 107, in download_tar
    f.write(urlopen(url=urlesc(pkgurl), timeout=10).read())
  File "/usr/lib/python3.5/urllib/request.py", line 163, in urlopen
    return opener.open(url, data, timeout)
  File "/usr/lib/python3.5/urllib/request.py", line 472, in open
    response = meth(req, response)
  File "/usr/lib/python3.5/urllib/request.py", line 582, in http_response
    'http', request, response, code, msg, hdrs)
  File "/usr/lib/python3.5/urllib/request.py", line 510, in error
    return self._call_chain(*args)
  File "/usr/lib/python3.5/urllib/request.py", line 444, in _call_chain
    result = func(*args)
  File "/usr/lib/python3.5/urllib/request.py", line 590, in http_error_default
    raise HTTPError(req.full_url, code, msg, hdrs, fp)
urllib.error.HTTPError: HTTP Error 404: Not Found

[INFO] (targeneintersect) This package is up to date.
[INFO] (target) This package is up to date.
[INFO] (target-api-client) This package is up to date.
[INFO] (target-bigquery) This package is up to date.
[INFO] (target-csv) This package is up to date.
[INFO] (target-datadotworld) This package is up to date.
[INFO] (target-gsheet) This package is up to date.
[INFO] (target-json) This package is up to date.
[INFO] (target-kbc) This package is up to date.
[INFO] (target-magentobi) This package is up to date.
[INFO] (target-postgres) This package is up to date.
[INFO] (target-s3) This package is up to date.
[INFO] (target-stitch) This package is up to date.
[INFO] (targetdb) Data has been updated for this package.
[INFO] (targeter) This package is up to date.
[INFO] (targetinteractionfinder) This package is up to date.
[INFO] (targetpay) This package is up to date.
[INFO] (targetprocess-client) This package is up to date.
[INFO] (targets) This package is up to date.
[INFO] (targqc) This package is up to date.
[INFO] (targzstream) This package is up to date.
[INFO] (tariff-russianpost) This package is up to date.
[INFO] (tarindex) This package is up to date.
[INFO] (tarjan) This package is up to date.
[INFO] (tarkus) This package is up to date.
[INFO] (tarmac) This package is up to date.
[INFO] (tarman) This package is up to date.
[INFO] (tarnish) This package is up to date.
[INFO] (tarocolor) This package is up to date.
[INFO] (tarot-cards) This package is up to date.
[ERROR] (tarou-plugin) Could not get a response from API for this package. See below for details.
Traceback (most recent call last):
  File "/usr/local/lib/python3.5/dist-packages/pypicontents/api/pypi.py", line 264, in get_pkgdata
    timeout=10).read()
  File "/usr/lib/python3.5/urllib/request.py", line 163, in urlopen
    return opener.open(url, data, timeout)
  File "/usr/lib/python3.5/urllib/request.py", line 472, in open
    response = meth(req, response)
  File "/usr/lib/python3.5/urllib/request.py", line 582, in http_response
    'http', request, response, code, msg, hdrs)
  File "/usr/lib/python3.5/urllib/request.py", line 504, in error
    result = self._call_chain(*args)
  File "/usr/lib/python3.5/urllib/request.py", line 444, in _call_chain
    result = func(*args)
  File "/usr/lib/python3.5/urllib/request.py", line 696, in http_error_302
    return self.parent.open(new, timeout=req.timeout)
  File "/usr/lib/python3.5/urllib/request.py", line 472, in open
    response = meth(req, response)
  File "/usr/lib/python3.5/urllib/request.py", line 582, in http_response
    'http', request, response, code, msg, hdrs)
  File "/usr/lib/python3.5/urllib/request.py", line 510, in error
    return self._call_chain(*args)
  File "/usr/lib/python3.5/urllib/request.py", line 444, in _call_chain
    result = func(*args)
  File "/usr/lib/python3.5/urllib/request.py", line 590, in http_error_default
    raise HTTPError(req.full_url, code, msg, hdrs, fp)
urllib.error.HTTPError: HTTP Error 404: Not Found

[INFO] (tarpipe-python) This package is up to date.
[ERROR] (tarrah-api) This package does not have downloadable releases.
[ERROR] (tarrah-base) This package does not have downloadable releases.
[ERROR] (tarrah-healthchecks) This package does not have downloadable releases.
[ERROR] (tarrah-logic) This package does not have downloadable releases.
[ERROR] (tarrah-models) This package does not have downloadable releases.
[ERROR] (tarrah-opta) This package does not have downloadable releases.
[ERROR] (tarrah-setup) This package does not have downloadable releases.
[ERROR] (tarrah-stora) This package does not have downloadable releases.
[ERROR] (tarrah-testdata) This package does not have downloadable releases.
[ERROR] (tarrah-worker) This package does not have downloadable releases.
[ERROR] (tarrah-worker-process) This package does not have downloadable releases.
[ERROR] (tarrah-worker-web) This package does not have downloadable releases.
[ERROR] (tarrah-workingset) This package does not have downloadable releases.
[INFO] (tarsier) This package is up to date.
[INFO] (tarsnapper) This package is up to date.
[INFO] (tarstream) This package is up to date.
[INFO] (tart) This package is up to date.
[INFO] (tart-hardware-interface) This package is up to date.
[INFO] (tart-tools) This package is up to date.
[INFO] (tart-web-api) This package is up to date.
[INFO] (tartar) This package is up to date.
[INFO] (tartare) This package is up to date.
[INFO] (tartes) This package is up to date.
[INFO] (tartiflette) This package is up to date.
[ERROR] (tartlets) This package does not have downloadable releases.
[INFO] (tartpy) This package is up to date.
[INFO] (tarun) This package is up to date.
[INFO] (tarunverma8081) This package is up to date.
[INFO] (tarwalker) This package is up to date.
[ERROR] (tas-tmip) This package does not have downloadable releases.
[INFO] (tasa) This package is up to date.
[INFO] (tasbot-spring) This package is up to date.
[INFO] (taschenmesser) This package is up to date.
[INFO] (tashaphyne) This package is up to date.
[INFO] (tasix) This package is up to date.
[INFO] (task) This package is up to date.
[INFO] (task-allocator) This package is up to date.
[INFO] (task-dispatcher) This package is up to date.
[INFO] (task-indicator) This package is up to date.
[INFO] (task-list-dev) This package is up to date.
[ERROR] (task-locals) This package does not have downloadable releases.
[INFO] (task-mcmc) This package is up to date.
[INFO] (task-processing) This package is up to date.
[INFO] (task-py) This package is up to date.
[INFO] (task-queue) This package is up to date.
[INFO] (task-runner) This package is up to date.
[INFO] (task-scheduler) This package is up to date.
[INFO] (task1-mareev-meledin) This package is up to date.
[INFO] (taskall) This package is up to date.
[INFO] (taskbot) This package is up to date.
[INFO] (taskc) This package is up to date.
[INFO] (taskcat) This package is up to date.
[INFO] (taskcluster) This package is up to date.
[INFO] (taskcluster-checkout) This package is up to date.
[INFO] (taskcluster-s3-uploader) This package is up to date.
[INFO] (taskcluster-urls) This package is up to date.
[INFO] (taskcluster-util) This package is up to date.
[ERROR] (taskclustercoalesce) This package does not have downloadable releases.
[ERROR] (taskcoach) Could not extract data from this package. See below for details.
".html" extension not supported.
[INFO] (taskdb) This package is up to date.
[INFO] (taskengine) This package is up to date.
[INFO] (tasker) This package is up to date.
[INFO] (taskflow) This package is up to date.
[INFO] (taskforce) This package is up to date.
[INFO] (taskforge) This package is up to date.
[INFO] (taskgraph) This package is up to date.
[INFO] (taskhawk) This package is up to date.
[INFO] (taskhelm) This package is up to date.
[INFO] (taski) This package is up to date.
[INFO] (taskin) This package is up to date.
[INFO] (taskit) This package is up to date.
[INFO] (taskjuggler-python) This package is up to date.
[INFO] (taskjuggler-utils) This package is up to date.
[INFO] (taskl) This package is up to date.
[INFO] (tasklib) This package is up to date.
[INFO] (taskloaf) This package is up to date.
[INFO] (tasklocals) This package is up to date.
[INFO] (tasklogger) This package is up to date.
[INFO] (taskman) This package is up to date.
[INFO] (taskmap) This package is up to date.
[INFO] (taskmaster) This package is up to date.
[INFO] (taskotron-python-versions) This package is up to date.
[INFO] (taskpacker) This package is up to date.
[INFO] (taskplot) This package is up to date.
[INFO] (taskpool) This package is up to date.
[INFO] (taskpool-redis) This package is up to date.
[INFO] (taskpromises) This package is up to date.
[INFO] (taskq) This package is up to date.
[INFO] (taskqueue) This package is up to date.
[INFO] (taskr) This package is up to date.
[INFO] (taskrelay) This package is up to date.
[INFO] (taskreport) This package is up to date.
[INFO] (taskrunner) This package is up to date.
[INFO] (tasks-for-notebook) This package is up to date.
[INFO] (tasks-py) This package is up to date.
[INFO] (tasks-tracker) This package is up to date.
[INFO] (taskscheduler) This package is up to date.
[INFO] (taskthread) This package is up to date.
[INFO] (taskthreader) This package is up to date.
[INFO] (tasktiger) This package is up to date.
[INFO] (tasktiger-admin) This package is up to date.
[INFO] (tasktimer) This package is up to date.
[INFO] (tasktools) This package is up to date.
[INFO] (tasktracker) This package is up to date.
[INFO] (taskutils) This package is up to date.
[INFO] (taskw) This package is up to date.
[INFO] (taskwarrior-blocks-capsule) This package is up to date.
[INFO] (taskwarrior-capsules) This package is up to date.
[INFO] (taskwarrior-context-capsule) This package is up to date.
[INFO] (taskwarrior-focus) This package is up to date.
[INFO] (taskwarrior-hook-time-tracking) This package is up to date.
[INFO] (taskwarrior-inthe-am) This package is up to date.
[INFO] (taskwarrior-pomodoro-beeminder) This package is up to date.
[INFO] (taskwarrior-subtask-capsule) This package is up to date.
[INFO] (taskwarrior-time-tracking-hook) This package is up to date.
[INFO] (taskwarrior-timebook-hook) This package is up to date.
[WARNING] 
[WARNING] Processing has taken more than 2100 seconds. Interrupting.
[WARNING] Processing will continue in next iteration.
[WARNING] 
[INFO] 
[INFO] 
[INFO] Total packages: 7598
[INFO]     Packages processed: 739
[INFO]         Packages updated: 3
[INFO]         Packages up-to-date: 676
[INFO]         Packages without response: 7
[INFO]         Packages without urls: 0
[INFO]         Packages without downloads: 44
[INFO]         Packages with data errors: 9
[INFO]     Packages not processed: 6859
[INFO] 
[INFO] 
[INFO] Ending execution.
